Using pre-set license
Built from '2020.3/staging' branch; Version is '2020.3.17f1 (a4537701e4ab) revision 10769271'; Using compiler version '192528614'; Build Type 'Release'
OS: 'Windows 10 Home; OS build 19042.1288; Version 2009; 64bit' Language: 'en' Physical Memory: 7942 MB
BatchMode: 1, IsHumanControllingUs: 0, StartBugReporterOnCrash: 0, Is64bit: 1, IsPro: 0

COMMAND LINE ARGUMENTS:
C:\Program Files\Unity\Hub\Editor\2020.3.17f1\Editor\Unity.exe
-adb2
-batchMode
-noUpm
-name
AssetImportWorker0
-projectPath
C:/Users/mapie/Documents/GitHub/LAB/SceneManagement
-logFile
Logs/AssetImportWorker0.log
-srvPort
54055
Successfully changed project path to: C:/Users/mapie/Documents/GitHub/LAB/SceneManagement
C:/Users/mapie/Documents/GitHub/LAB/SceneManagement
Using Asset Import Pipeline V2.
Refreshing native plugins compatible for Editor in 100.20 ms, found 5 plugins.
Preloading 1 native plugins for Editor in 7.28 ms.
Initialize engine version: 2020.3.17f1 (a4537701e4ab)
[Subsystems] Discovering subsystems at path C:/Program Files/Unity/Hub/Editor/2020.3.17f1/Editor/Data/Resources/UnitySubsystems
[Subsystems] Discovering subsystems at path C:/Users/mapie/Documents/GitHub/LAB/SceneManagement/Assets
GfxDevice: creating device client; threaded=0
Direct3D:
    Version:  Direct3D 11.0 [level 11.1]
    Renderer: Intel(R) UHD Graphics (ID=0x9b41)
    Vendor:   
    VRAM:     3971 MB
    Driver:   26.20.100.6911
Initialize mono
Mono path[0] = 'C:/Program Files/Unity/Hub/Editor/2020.3.17f1/Editor/Data/Managed'
Mono path[1] = 'C:/Program Files/Unity/Hub/Editor/2020.3.17f1/Editor/Data/MonoBleedingEdge/lib/mono/unityjit'
Mono config path = 'C:/Program Files/Unity/Hub/Editor/2020.3.17f1/Editor/Data/MonoBleedingEdge/etc'
Using monoOptions --debugger-agent=transport=dt_socket,embedding=1,server=y,suspend=n,address=127.0.0.1:56656
Begin MonoManager ReloadAssembly
Registering precompiled unity dll's ...
Register platform support module: C:/Program Files/Unity/Hub/Editor/2020.3.17f1/Editor/Data/PlaybackEngines/WindowsStandaloneSupport/UnityEditor.WindowsStandalone.Extensions.dll
Registered in 0.002446 seconds.
Native extension for WindowsStandalone target not found
Refreshing native plugins compatible for Editor in 70.66 ms, found 5 plugins.
Preloading 1 native plugins for Editor in 0.08 ms.
Mono: successfully reloaded assembly
- Completed reload, in  4.760 seconds
Domain Reload Profiling:
	ReloadAssembly (4760ms)
		BeginReloadAssembly (79ms)
			ExecutionOrderSort (0ms)
			DisableScriptedObjects (0ms)
			BackupInstance (0ms)
			ReleaseScriptingObjects (0ms)
			CreateAndSetChildDomain (1ms)
		EndReloadAssembly (500ms)
			LoadAssemblies (77ms)
			RebuildTransferFunctionScriptingTraits (0ms)
			SetupTypeCache (167ms)
			ReleaseScriptCaches (0ms)
			RebuildScriptCaches (35ms)
			SetupLoadedEditorAssemblies (208ms)
				LogAssemblyErrors (0ms)
				InitializePlatformSupportModulesInManaged (4ms)
				SetLoadedEditorAssemblies (0ms)
				RefreshPlugins (71ms)
				BeforeProcessingInitializeOnLoad (17ms)
				ProcessInitializeOnLoadAttributes (85ms)
				ProcessInitializeOnLoadMethodAttributes (29ms)
				AfterProcessingInitializeOnLoad (0ms)
				EditorAssembliesLoaded (0ms)
			ExecutionOrderSort2 (0ms)
			AwakeInstancesAfterBackupRestoration (0ms)
Platform modules already initialized, skipping
Registering precompiled user dll's ...
Registered in 0.008786 seconds.
Begin MonoManager ReloadAssembly
Native extension for WindowsStandalone target not found
Refreshing native plugins compatible for Editor in 75.35 ms, found 5 plugins.
Preloading 1 native plugins for Editor in 0.09 ms.
[XR] OculusXRPlugin: registering subsystems
[XR] Unable to register display lifecyle provider: [1]
[XR] Oculus Input lifecycle provider registered.
[XR] Unable to register input lifecyle provider: [1]
System.Reflection.TargetInvocationException: Exception has been thrown by the target of an invocation. ---> System.NullReferenceException: Object reference not set to an instance of an object
  at Unity.XR.Oculus.OculusLoader.AssetPathToAbsolutePath (System.String assetPath) [0x00048] in C:\Users\mapie\Documents\GitHub\LAB\SceneManagement\Library\PackageCache\com.unity.xr.oculus@1.10.0\Runtime\OculusLoader.cs:250 
  at Unity.XR.Oculus.OculusLoader.EditorLoadOVRPlugin () [0x0007b] in C:\Users\mapie\Documents\GitHub\LAB\SceneManagement\Library\PackageCache\com.unity.xr.oculus@1.10.0\Runtime\OculusLoader.cs:235 
  at (wrapper managed-to-native) System.Reflection.MonoMethod.InternalInvoke(System.Reflection.MonoMethod,object,object[],System.Exception&)
  at System.Reflection.MonoMethod.Invoke (System.Object obj, System.Reflection.BindingFlags invokeAttr, System.Reflection.Binder binder, System.Object[] parameters, System.Globalization.CultureInfo culture) [0x00032] in <695d1cc93cca45069c528c15c9fdd749>:0 
   --- End of inner exception stack trace ---
  at System.Reflection.MonoMethod.Invoke (System.Object obj, System.Reflection.BindingFlags invokeAttr, System.Reflection.Binder binder, System.Object[] parameters, System.Globalization.CultureInfo culture) [0x00048] in <695d1cc93cca45069c528c15c9fdd749>:0 
  at System.Reflection.MethodBase.Invoke (System.Object obj, System.Object[] parameters) [0x00000] in <695d1cc93cca45069c528c15c9fdd749>:0 
  at UnityEditor.EditorAssemblies.ProcessInitializeOnLoadMethodAttributes () [0x00047] in <d0e4b8c1204147f3935b6e9c8b8565ad>:0 
UnityEngine.StackTraceUtility:ExtractStackTrace ()
UnityEngine.DebugLogHandler:LogFormat (UnityEngine.LogType,UnityEngine.Object,string,object[])
UnityEngine.Logger:Log (UnityEngine.LogType,object)
UnityEngine.Debug:LogError (object)
UnityEditor.EditorAssemblies:ProcessInitializeOnLoadMethodAttributes ()

Mono: successfully reloaded assembly
- Completed reload, in  1.744 seconds
Domain Reload Profiling:
	ReloadAssembly (1745ms)
		BeginReloadAssembly (166ms)
			ExecutionOrderSort (0ms)
			DisableScriptedObjects (6ms)
			BackupInstance (0ms)
			ReleaseScriptingObjects (0ms)
			CreateAndSetChildDomain (21ms)
		EndReloadAssembly (1510ms)
			LoadAssemblies (117ms)
			RebuildTransferFunctionScriptingTraits (0ms)
			SetupTypeCache (430ms)
			ReleaseScriptCaches (1ms)
			RebuildScriptCaches (70ms)
			SetupLoadedEditorAssemblies (724ms)
				LogAssemblyErrors (0ms)
				InitializePlatformSupportModulesInManaged (6ms)
				SetLoadedEditorAssemblies (0ms)
				RefreshPlugins (76ms)
				BeforeProcessingInitializeOnLoad (131ms)
				ProcessInitializeOnLoadAttributes (467ms)
				ProcessInitializeOnLoadMethodAttributes (34ms)
				AfterProcessingInitializeOnLoad (9ms)
				EditorAssembliesLoaded (0ms)
			ExecutionOrderSort2 (0ms)
			AwakeInstancesAfterBackupRestoration (6ms)
Platform modules already initialized, skipping
========================================================================
Worker process is ready to serve import requests
Launched and connected shader compiler UnityShaderCompiler.exe after 0.04 seconds
Refreshing native plugins compatible for Editor in 1.05 ms, found 5 plugins.
Preloading 1 native plugins for Editor in 0.12 ms.
Unloading 3609 Unused Serialized files (Serialized files now loaded: 0)
System memory in use before: 158.4 MB.
System memory in use after: 158.6 MB.

Unloading 24 unused Assets to reduce memory usage. Loaded Objects now: 4045.
Total: 4.203400 ms (FindLiveObjects: 0.426100 ms CreateObjectMapping: 0.198700 ms MarkObjects: 3.476300 ms  DeleteObjects: 0.101000 ms)

AssetImportParameters requested are different than current active one (requested -> active):
  custom:framework-win-MediaFoundation: 216162199b28c13a410421893ffa2e32 -> 
  custom:video-decoder-ogg-theora: a1e56fd34408186e4bbccfd4996cb3dc -> 
  custom:container-muxer-webm: aa71ff27fc2769a1b78a27578f13a17b -> 
  custom:container-demuxer-webm: 4f35f7cbe854078d1ac9338744f61a02 -> 
  custom:container-demuxer-ogg: 62fdf1f143b41e24485cea50d1cbac27 -> 
  custom:video-encoder-webm-vp8: eb34c28f22e8b96e1ab97ce403110664 -> 
  custom:video-codec-MediaFoundation-h265: 746d11721c4dcdbdad8f713fa42b33f4 -> 
  custom:video-decoder-webm-vp8: 9c59270c3fd7afecdb556c50c9e8de78 -> 
  custom:audio-decoder-ogg-vorbis: bf7c407c2cedff20999df2af8eb42d56 -> 
  custom:audio-encoder-webm-vorbis: bf7c407c2cedff20999df2af8eb42d56 -> 
========================================================================
Received Import Request.
  path: Assets/Scenes/GreenPlace.unity
  artifactKey: Guid(9a9e9e5ab476013468adfa2380ec7521) Importer(815301076,1909f56bfc062723c751e8b465ee728b)
Start importing Assets/Scenes/GreenPlace.unity using Guid(9a9e9e5ab476013468adfa2380ec7521) Importer(815301076,1909f56bfc062723c751e8b465ee728b)  -> (artifact id: '5119acbfd25ade70dec082508dfa65d5') in 0.013522 seconds 
  Import took 0.019235 seconds .

========================================================================
Received Import Request.
  Time since last request: 1.639478 seconds.
  path: Assets/Scenes/RedPlace.unity
  artifactKey: Guid(e22e7c0beaae6ec4c90c41558dc7fd6d) Importer(815301076,1909f56bfc062723c751e8b465ee728b)
Start importing Assets/Scenes/RedPlace.unity using Guid(e22e7c0beaae6ec4c90c41558dc7fd6d) Importer(815301076,1909f56bfc062723c751e8b465ee728b)  -> (artifact id: 'a536e14ee9b24244b225cc818a371078') in 0.005636 seconds 
  Import took 0.015125 seconds .

========================================================================
Received Import Request.
  Time since last request: 80.877672 seconds.
  path: Assets/Scenes/XR.unity
  artifactKey: Guid(ff43f9154094c864b8cc7e83252e2a4d) Importer(815301076,1909f56bfc062723c751e8b465ee728b)
Start importing Assets/Scenes/XR.unity using Guid(ff43f9154094c864b8cc7e83252e2a4d) Importer(815301076,1909f56bfc062723c751e8b465ee728b)  -> (artifact id: '718dd1d14c260450f1296b153e93f72f') in 0.006486 seconds 
  Import took 0.024685 seconds .

========================================================================
Received Import Request.
  Time since last request: 168.243902 seconds.
  path: Assets/Scenes/Lobby.unity
  artifactKey: Guid(9ee074f29a5a2d04ca501c4e516e74be) Importer(815301076,1909f56bfc062723c751e8b465ee728b)
Start importing Assets/Scenes/Lobby.unity using Guid(9ee074f29a5a2d04ca501c4e516e74be) Importer(815301076,1909f56bfc062723c751e8b465ee728b)  -> (artifact id: '89ac4ae7cfd3905499e671310e3f2963') in 0.004575 seconds 
  Import took 0.013904 seconds .

========================================================================
Received Import Request.
  Time since last request: 325.417983 seconds.
  path: ProjectSettings/TagManager.asset
  artifactKey: Guid(00000000000000003000000000000000) Importer(815301076,1909f56bfc062723c751e8b465ee728b)
Start importing ProjectSettings/TagManager.asset using Guid(00000000000000003000000000000000) Importer(815301076,1909f56bfc062723c751e8b465ee728b)  -> (artifact id: 'e3b9100056bac65e5ca2a411375df516') in 0.030781 seconds 
  Import took 0.039535 seconds .

========================================================================
Received Import Request.
  Time since last request: 188.425945 seconds.
  path: Assets/Scenes/SampleScene.unity
  artifactKey: Guid(9fc0d4010bbf28b4594072e72b8655ab) Importer(815301076,1909f56bfc062723c751e8b465ee728b)
Start importing Assets/Scenes/SampleScene.unity using Guid(9fc0d4010bbf28b4594072e72b8655ab) Importer(815301076,1909f56bfc062723c751e8b465ee728b)  -> (artifact id: '682efef81a98ccd3f5ac51e43ba7490a') in 0.005892 seconds 
  Import took 0.013602 seconds .

========================================================================
Received Import Request.
  Time since last request: 12.927984 seconds.
  path: Assets/Scenes/XR.unity
  artifactKey: Guid(ff43f9154094c864b8cc7e83252e2a4d) Importer(815301076,1909f56bfc062723c751e8b465ee728b)
Start importing Assets/Scenes/XR.unity using Guid(ff43f9154094c864b8cc7e83252e2a4d) Importer(815301076,1909f56bfc062723c751e8b465ee728b)  -> (artifact id: 'fb3623036e845e087a77f61b95918354') in 0.004735 seconds 
  Import took 0.015101 seconds .

========================================================================
Received Import Request.
  Time since last request: 2.695081 seconds.
  path: Assets/Scenes/RedPlace.unity
  artifactKey: Guid(e22e7c0beaae6ec4c90c41558dc7fd6d) Importer(815301076,1909f56bfc062723c751e8b465ee728b)
Start importing Assets/Scenes/RedPlace.unity using Guid(e22e7c0beaae6ec4c90c41558dc7fd6d) Importer(815301076,1909f56bfc062723c751e8b465ee728b)  -> (artifact id: 'ab7bddc10014b64b42df1538d8f3722b') in 0.005539 seconds 
  Import took 0.023299 seconds .

========================================================================
Received Import Request.
  Time since last request: 1.700694 seconds.
  path: Assets/Scenes/Lobby.unity
  artifactKey: Guid(9ee074f29a5a2d04ca501c4e516e74be) Importer(815301076,1909f56bfc062723c751e8b465ee728b)
Start importing Assets/Scenes/Lobby.unity using Guid(9ee074f29a5a2d04ca501c4e516e74be) Importer(815301076,1909f56bfc062723c751e8b465ee728b)  -> (artifact id: 'd14acbd5a8a73fc6ccc5484ae664ecee') in 0.004272 seconds 
  Import took 0.021763 seconds .

========================================================================
Received Import Request.
  Time since last request: 0.691945 seconds.
  path: Assets/Scenes/GreenPlace.unity
  artifactKey: Guid(9a9e9e5ab476013468adfa2380ec7521) Importer(815301076,1909f56bfc062723c751e8b465ee728b)
Start importing Assets/Scenes/GreenPlace.unity using Guid(9a9e9e5ab476013468adfa2380ec7521) Importer(815301076,1909f56bfc062723c751e8b465ee728b)  -> (artifact id: '043cfdffc2f41ccd37902d17c86db329') in 0.003642 seconds 
  Import took 0.012989 seconds .

========================================================================
Received Import Request.
  Time since last request: 45.836227 seconds.
  path: Assets/Scripts
  artifactKey: Guid(91d5bd30beb9ca94297f33b874efafde) Importer(815301076,1909f56bfc062723c751e8b465ee728b)
Start importing Assets/Scripts using Guid(91d5bd30beb9ca94297f33b874efafde) Importer(815301076,1909f56bfc062723c751e8b465ee728b)  -> (artifact id: 'db54c6e2d70c083b2f6008a634b166bf') in 0.003012 seconds 
  Import took 0.008667 seconds .

========================================================================
Received Import Request.
  Time since last request: 0.003072 seconds.
  path: Assets/Scripts
  artifactKey: Guid(91d5bd30beb9ca94297f33b874efafde) Importer(815301076,1909f56bfc062723c751e8b465ee728b)
Start importing Assets/Scripts using Guid(91d5bd30beb9ca94297f33b874efafde) Importer(815301076,1909f56bfc062723c751e8b465ee728b)  -> (artifact id: 'db54c6e2d70c083b2f6008a634b166bf') in 0.003230 seconds 
  Import took 0.012063 seconds .

========================================================================
Received Import Request.
  Time since last request: 4.652432 seconds.
  path: Assets/Scripts/Editor
  artifactKey: Guid(126f87b187ba6074db6e898922a4afd2) Importer(815301076,1909f56bfc062723c751e8b465ee728b)
Start importing Assets/Scripts/Editor using Guid(126f87b187ba6074db6e898922a4afd2) Importer(815301076,1909f56bfc062723c751e8b465ee728b)  -> (artifact id: '3d59fb81ea49bf9ea3886489f602ac71') in 0.003919 seconds 
  Import took 0.024972 seconds .

========================================================================
Received Import Request.
  Time since last request: 37.908391 seconds.
  path: Assets/Scripts/Editor/SceneSelector.cs
  artifactKey: Guid(ff4365e00286392479c52a4675ae53c3) Importer(815301076,1909f56bfc062723c751e8b465ee728b)
Start importing Assets/Scripts/Editor/SceneSelector.cs using Guid(ff4365e00286392479c52a4675ae53c3) Importer(815301076,1909f56bfc062723c751e8b465ee728b)  -> (artifact id: '6cbae0fec877debe1cdc0da10ca94253') in 0.013701 seconds 
  Import took 0.020177 seconds .

========================================================================
Received Prepare
Registering precompiled user dll's ...
Registered in 0.007718 seconds.
Begin MonoManager ReloadAssembly
Native extension for WindowsStandalone target not found
Refreshing native plugins compatible for Editor in 1.80 ms, found 5 plugins.
Preloading 1 native plugins for Editor in 0.20 ms.
System.Reflection.TargetInvocationException: Exception has been thrown by the target of an invocation. ---> System.NullReferenceException: Object reference not set to an instance of an object
  at Unity.XR.Oculus.OculusLoader.AssetPathToAbsolutePath (System.String assetPath) [0x00048] in C:\Users\mapie\Documents\GitHub\LAB\SceneManagement\Library\PackageCache\com.unity.xr.oculus@1.10.0\Runtime\OculusLoader.cs:250 
  at Unity.XR.Oculus.OculusLoader.EditorLoadOVRPlugin () [0x0007b] in C:\Users\mapie\Documents\GitHub\LAB\SceneManagement\Library\PackageCache\com.unity.xr.oculus@1.10.0\Runtime\OculusLoader.cs:235 
  at (wrapper managed-to-native) System.Reflection.MonoMethod.InternalInvoke(System.Reflection.MonoMethod,object,object[],System.Exception&)
  at System.Reflection.MonoMethod.Invoke (System.Object obj, System.Reflection.BindingFlags invokeAttr, System.Reflection.Binder binder, System.Object[] parameters, System.Globalization.CultureInfo culture) [0x00032] in <695d1cc93cca45069c528c15c9fdd749>:0 
   --- End of inner exception stack trace ---
  at System.Reflection.MonoMethod.Invoke (System.Object obj, System.Reflection.BindingFlags invokeAttr, System.Reflection.Binder binder, System.Object[] parameters, System.Globalization.CultureInfo culture) [0x00048] in <695d1cc93cca45069c528c15c9fdd749>:0 
  at System.Reflection.MethodBase.Invoke (System.Object obj, System.Object[] parameters) [0x00000] in <695d1cc93cca45069c528c15c9fdd749>:0 
  at UnityEditor.EditorAssemblies.ProcessInitializeOnLoadMethodAttributes () [0x00047] in <d0e4b8c1204147f3935b6e9c8b8565ad>:0 
UnityEngine.StackTraceUtility:ExtractStackTrace ()
UnityEngine.DebugLogHandler:LogFormat (UnityEngine.LogType,UnityEngine.Object,string,object[])
UnityEngine.Logger:Log (UnityEngine.LogType,object)
UnityEngine.Debug:LogError (object)
UnityEditor.EditorAssemblies:ProcessInitializeOnLoadMethodAttributes ()

Mono: successfully reloaded assembly
- Completed reload, in  1.764 seconds
Domain Reload Profiling:
	ReloadAssembly (1765ms)
		BeginReloadAssembly (196ms)
			ExecutionOrderSort (0ms)
			DisableScriptedObjects (6ms)
			BackupInstance (0ms)
			ReleaseScriptingObjects (0ms)
			CreateAndSetChildDomain (59ms)
		EndReloadAssembly (1477ms)
			LoadAssemblies (142ms)
			RebuildTransferFunctionScriptingTraits (0ms)
			SetupTypeCache (446ms)
			ReleaseScriptCaches (1ms)
			RebuildScriptCaches (47ms)
			SetupLoadedEditorAssemblies (696ms)
				LogAssemblyErrors (0ms)
				InitializePlatformSupportModulesInManaged (4ms)
				SetLoadedEditorAssemblies (1ms)
				RefreshPlugins (2ms)
				BeforeProcessingInitializeOnLoad (132ms)
				ProcessInitializeOnLoadAttributes (528ms)
				ProcessInitializeOnLoadMethodAttributes (19ms)
				AfterProcessingInitializeOnLoad (9ms)
				EditorAssembliesLoaded (0ms)
			ExecutionOrderSort2 (0ms)
			AwakeInstancesAfterBackupRestoration (12ms)
Platform modules already initialized, skipping
Refreshing native plugins compatible for Editor in 0.84 ms, found 5 plugins.
Preloading 1 native plugins for Editor in 0.13 ms.
Unloading 3466 Unused Serialized files (Serialized files now loaded: 0)
System memory in use before: 166.5 MB.
System memory in use after: 166.7 MB.

Unloading 18 unused Assets to reduce memory usage. Loaded Objects now: 4049.
Total: 5.356800 ms (FindLiveObjects: 0.387000 ms CreateObjectMapping: 0.223400 ms MarkObjects: 4.601700 ms  DeleteObjects: 0.142800 ms)

AssetImportParameters requested are different than current active one (requested -> active):
  custom:framework-win-MediaFoundation: 216162199b28c13a410421893ffa2e32 -> 
  custom:video-decoder-ogg-theora: a1e56fd34408186e4bbccfd4996cb3dc -> 
  custom:container-muxer-webm: aa71ff27fc2769a1b78a27578f13a17b -> 
  custom:container-demuxer-webm: 4f35f7cbe854078d1ac9338744f61a02 -> 
  custom:container-demuxer-ogg: 62fdf1f143b41e24485cea50d1cbac27 -> 
  custom:video-encoder-webm-vp8: eb34c28f22e8b96e1ab97ce403110664 -> 
  custom:video-codec-MediaFoundation-h265: 746d11721c4dcdbdad8f713fa42b33f4 -> 
  custom:video-decoder-webm-vp8: 9c59270c3fd7afecdb556c50c9e8de78 -> 
  custom:audio-decoder-ogg-vorbis: bf7c407c2cedff20999df2af8eb42d56 -> 
  custom:audio-encoder-webm-vorbis: bf7c407c2cedff20999df2af8eb42d56 -> 
========================================================================
Received Import Request.
  Time since last request: 949.934880 seconds.
  path: Assets/Scripts/Editor/SceneSelector.cs
  artifactKey: Guid(ff4365e00286392479c52a4675ae53c3) Importer(815301076,1909f56bfc062723c751e8b465ee728b)
Start importing Assets/Scripts/Editor/SceneSelector.cs using Guid(ff4365e00286392479c52a4675ae53c3) Importer(815301076,1909f56bfc062723c751e8b465ee728b)  -> (artifact id: '72a5f0540a8cd2c9640609128ad4f369') in 0.013303 seconds 
  Import took 0.028519 seconds .

========================================================================
Received Import Request.
  Time since last request: 0.099611 seconds.
  path: Assets/Scripts/Editor/SceneSelector.cs
  artifactKey: Guid(ff4365e00286392479c52a4675ae53c3) Importer(815301076,1909f56bfc062723c751e8b465ee728b)
Start importing Assets/Scripts/Editor/SceneSelector.cs using Guid(ff4365e00286392479c52a4675ae53c3) Importer(815301076,1909f56bfc062723c751e8b465ee728b)  -> (artifact id: '72a5f0540a8cd2c9640609128ad4f369') in 0.004209 seconds 
  Import took 0.012049 seconds .

========================================================================
Received Prepare
Registering precompiled user dll's ...
Registered in 0.023037 seconds.
Begin MonoManager ReloadAssembly
Native extension for WindowsStandalone target not found
Refreshing native plugins compatible for Editor in 0.84 ms, found 5 plugins.
Preloading 1 native plugins for Editor in 0.12 ms.
System.Reflection.TargetInvocationException: Exception has been thrown by the target of an invocation. ---> System.NullReferenceException: Object reference not set to an instance of an object
  at Unity.XR.Oculus.OculusLoader.AssetPathToAbsolutePath (System.String assetPath) [0x00048] in C:\Users\mapie\Documents\GitHub\LAB\SceneManagement\Library\PackageCache\com.unity.xr.oculus@1.10.0\Runtime\OculusLoader.cs:250 
  at Unity.XR.Oculus.OculusLoader.EditorLoadOVRPlugin () [0x0007b] in C:\Users\mapie\Documents\GitHub\LAB\SceneManagement\Library\PackageCache\com.unity.xr.oculus@1.10.0\Runtime\OculusLoader.cs:235 
  at (wrapper managed-to-native) System.Reflection.MonoMethod.InternalInvoke(System.Reflection.MonoMethod,object,object[],System.Exception&)
  at System.Reflection.MonoMethod.Invoke (System.Object obj, System.Reflection.BindingFlags invokeAttr, System.Reflection.Binder binder, System.Object[] parameters, System.Globalization.CultureInfo culture) [0x00032] in <695d1cc93cca45069c528c15c9fdd749>:0 
   --- End of inner exception stack trace ---
  at System.Reflection.MonoMethod.Invoke (System.Object obj, System.Reflection.BindingFlags invokeAttr, System.Reflection.Binder binder, System.Object[] parameters, System.Globalization.CultureInfo culture) [0x00048] in <695d1cc93cca45069c528c15c9fdd749>:0 
  at System.Reflection.MethodBase.Invoke (System.Object obj, System.Object[] parameters) [0x00000] in <695d1cc93cca45069c528c15c9fdd749>:0 
  at UnityEditor.EditorAssemblies.ProcessInitializeOnLoadMethodAttributes () [0x00047] in <d0e4b8c1204147f3935b6e9c8b8565ad>:0 
UnityEngine.StackTraceUtility:ExtractStackTrace ()
UnityEngine.DebugLogHandler:LogFormat (UnityEngine.LogType,UnityEngine.Object,string,object[])
UnityEngine.Logger:Log (UnityEngine.LogType,object)
UnityEngine.Debug:LogError (object)
UnityEditor.EditorAssemblies:ProcessInitializeOnLoadMethodAttributes ()

Mono: successfully reloaded assembly
- Completed reload, in  1.522 seconds
Domain Reload Profiling:
	ReloadAssembly (1522ms)
		BeginReloadAssembly (139ms)
			ExecutionOrderSort (0ms)
			DisableScriptedObjects (5ms)
			BackupInstance (0ms)
			ReleaseScriptingObjects (0ms)
			CreateAndSetChildDomain (39ms)
		EndReloadAssembly (1313ms)
			LoadAssemblies (123ms)
			RebuildTransferFunctionScriptingTraits (0ms)
			SetupTypeCache (380ms)
			ReleaseScriptCaches (1ms)
			RebuildScriptCaches (62ms)
			SetupLoadedEditorAssemblies (606ms)
				LogAssemblyErrors (0ms)
				InitializePlatformSupportModulesInManaged (5ms)
				SetLoadedEditorAssemblies (1ms)
				RefreshPlugins (1ms)
				BeforeProcessingInitializeOnLoad (122ms)
				ProcessInitializeOnLoadAttributes (455ms)
				ProcessInitializeOnLoadMethodAttributes (16ms)
				AfterProcessingInitializeOnLoad (8ms)
				EditorAssembliesLoaded (0ms)
			ExecutionOrderSort2 (0ms)
			AwakeInstancesAfterBackupRestoration (10ms)
Platform modules already initialized, skipping
Refreshing native plugins compatible for Editor in 0.97 ms, found 5 plugins.
Preloading 1 native plugins for Editor in 0.14 ms.
Unloading 3466 Unused Serialized files (Serialized files now loaded: 0)
System memory in use before: 166.6 MB.
System memory in use after: 166.8 MB.

Unloading 17 unused Assets to reduce memory usage. Loaded Objects now: 4052.
Total: 4.514900 ms (FindLiveObjects: 0.420200 ms CreateObjectMapping: 0.232500 ms MarkObjects: 3.764900 ms  DeleteObjects: 0.096000 ms)

AssetImportParameters requested are different than current active one (requested -> active):
  custom:framework-win-MediaFoundation: 216162199b28c13a410421893ffa2e32 -> 
  custom:video-decoder-ogg-theora: a1e56fd34408186e4bbccfd4996cb3dc -> 
  custom:container-muxer-webm: aa71ff27fc2769a1b78a27578f13a17b -> 
  custom:container-demuxer-webm: 4f35f7cbe854078d1ac9338744f61a02 -> 
  custom:container-demuxer-ogg: 62fdf1f143b41e24485cea50d1cbac27 -> 
  custom:video-encoder-webm-vp8: eb34c28f22e8b96e1ab97ce403110664 -> 
  custom:video-codec-MediaFoundation-h265: 746d11721c4dcdbdad8f713fa42b33f4 -> 
  custom:video-decoder-webm-vp8: 9c59270c3fd7afecdb556c50c9e8de78 -> 
  custom:audio-decoder-ogg-vorbis: bf7c407c2cedff20999df2af8eb42d56 -> 
  custom:audio-encoder-webm-vorbis: bf7c407c2cedff20999df2af8eb42d56 -> 
========================================================================
Received Import Request.
  Time since last request: 276.004611 seconds.
  path: Assets/Scripts/XRSceneTransitionManager.cs
  artifactKey: Guid(ea1ca9eb597a22440a1837ceceb86a91) Importer(815301076,1909f56bfc062723c751e8b465ee728b)
Start importing Assets/Scripts/XRSceneTransitionManager.cs using Guid(ea1ca9eb597a22440a1837ceceb86a91) Importer(815301076,1909f56bfc062723c751e8b465ee728b)  -> (artifact id: 'f900effe134cb2cb86cd2507c3016878') in 0.012497 seconds 
  Import took 0.022720 seconds .

========================================================================
Received Import Request.
  Time since last request: 0.019727 seconds.
  path: Assets/Scripts/XRSceneTransitionManager.cs
  artifactKey: Guid(ea1ca9eb597a22440a1837ceceb86a91) Importer(815301076,1909f56bfc062723c751e8b465ee728b)
Start importing Assets/Scripts/XRSceneTransitionManager.cs using Guid(ea1ca9eb597a22440a1837ceceb86a91) Importer(815301076,1909f56bfc062723c751e8b465ee728b)  -> (artifact id: 'f900effe134cb2cb86cd2507c3016878') in 0.003022 seconds 
  Import took 0.011815 seconds .

========================================================================
Received Import Request.
  Time since last request: 725.726066 seconds.
  path: Assets/Scripts/XRSceneTransitionManager.cs
  artifactKey: Guid(ea1ca9eb597a22440a1837ceceb86a91) Importer(815301076,1909f56bfc062723c751e8b465ee728b)
Start importing Assets/Scripts/XRSceneTransitionManager.cs using Guid(ea1ca9eb597a22440a1837ceceb86a91) Importer(815301076,1909f56bfc062723c751e8b465ee728b)  -> (artifact id: '230a1703a2f09b013f7dfe8b0e2ecb48') in 0.003390 seconds 
  Import took 0.013341 seconds .

========================================================================
Received Import Request.
  Time since last request: 0.001223 seconds.
  path: Assets/Scripts/XRSceneTransitionManager.cs
  artifactKey: Guid(ea1ca9eb597a22440a1837ceceb86a91) Importer(815301076,1909f56bfc062723c751e8b465ee728b)
Start importing Assets/Scripts/XRSceneTransitionManager.cs using Guid(ea1ca9eb597a22440a1837ceceb86a91) Importer(815301076,1909f56bfc062723c751e8b465ee728b)  -> (artifact id: '230a1703a2f09b013f7dfe8b0e2ecb48') in 0.005069 seconds 
  Import took 0.014450 seconds .

========================================================================
Received Import Request.
  Time since last request: 220.356917 seconds.
  path: Assets/Scripts/XRSceneTransitionManager.cs
  artifactKey: Guid(ea1ca9eb597a22440a1837ceceb86a91) Importer(815301076,1909f56bfc062723c751e8b465ee728b)
Start importing Assets/Scripts/XRSceneTransitionManager.cs using Guid(ea1ca9eb597a22440a1837ceceb86a91) Importer(815301076,1909f56bfc062723c751e8b465ee728b)  -> (artifact id: '86192dd093fe1fe25a260a67fa859e22') in 0.005089 seconds 
  Import took 0.017792 seconds .

========================================================================
Received Import Request.
  Time since last request: 494.221496 seconds.
  path: Assets/Scripts/XRSceneTransitionManager.cs
  artifactKey: Guid(ea1ca9eb597a22440a1837ceceb86a91) Importer(815301076,1909f56bfc062723c751e8b465ee728b)
Start importing Assets/Scripts/XRSceneTransitionManager.cs using Guid(ea1ca9eb597a22440a1837ceceb86a91) Importer(815301076,1909f56bfc062723c751e8b465ee728b)  -> (artifact id: 'fe1a2d325a94da996529c795f0da32ac') in 0.005083 seconds 
  Import took 0.024676 seconds .

========================================================================
Received Import Request.
  Time since last request: 1128.066276 seconds.
  path: Assets/Scripts/XRSceneTransitionManager.cs
  artifactKey: Guid(ea1ca9eb597a22440a1837ceceb86a91) Importer(815301076,1909f56bfc062723c751e8b465ee728b)
Start importing Assets/Scripts/XRSceneTransitionManager.cs using Guid(ea1ca9eb597a22440a1837ceceb86a91) Importer(815301076,1909f56bfc062723c751e8b465ee728b)  -> (artifact id: '96f499e48877fd695667b71e417fc903') in 0.012756 seconds 
  Import took 0.036804 seconds .

========================================================================
Received Prepare
Registering precompiled user dll's ...
Registered in 0.032959 seconds.
Begin MonoManager ReloadAssembly
Native extension for WindowsStandalone target not found
Refreshing native plugins compatible for Editor in 2.09 ms, found 5 plugins.
Preloading 1 native plugins for Editor in 0.32 ms.
System.Reflection.TargetInvocationException: Exception has been thrown by the target of an invocation. ---> System.NullReferenceException: Object reference not set to an instance of an object
  at Unity.XR.Oculus.OculusLoader.AssetPathToAbsolutePath (System.String assetPath) [0x00048] in C:\Users\mapie\Documents\GitHub\LAB\SceneManagement\Library\PackageCache\com.unity.xr.oculus@1.10.0\Runtime\OculusLoader.cs:250 
  at Unity.XR.Oculus.OculusLoader.EditorLoadOVRPlugin () [0x0007b] in C:\Users\mapie\Documents\GitHub\LAB\SceneManagement\Library\PackageCache\com.unity.xr.oculus@1.10.0\Runtime\OculusLoader.cs:235 
  at (wrapper managed-to-native) System.Reflection.MonoMethod.InternalInvoke(System.Reflection.MonoMethod,object,object[],System.Exception&)
  at System.Reflection.MonoMethod.Invoke (System.Object obj, System.Reflection.BindingFlags invokeAttr, System.Reflection.Binder binder, System.Object[] parameters, System.Globalization.CultureInfo culture) [0x00032] in <695d1cc93cca45069c528c15c9fdd749>:0 
   --- End of inner exception stack trace ---
  at System.Reflection.MonoMethod.Invoke (System.Object obj, System.Reflection.BindingFlags invokeAttr, System.Reflection.Binder binder, System.Object[] parameters, System.Globalization.CultureInfo culture) [0x00048] in <695d1cc93cca45069c528c15c9fdd749>:0 
  at System.Reflection.MethodBase.Invoke (System.Object obj, System.Object[] parameters) [0x00000] in <695d1cc93cca45069c528c15c9fdd749>:0 
  at UnityEditor.EditorAssemblies.ProcessInitializeOnLoadMethodAttributes () [0x00047] in <d0e4b8c1204147f3935b6e9c8b8565ad>:0 
UnityEngine.StackTraceUtility:ExtractStackTrace ()
UnityEngine.DebugLogHandler:LogFormat (UnityEngine.LogType,UnityEngine.Object,string,object[])
UnityEngine.Logger:Log (UnityEngine.LogType,object)
UnityEngine.Debug:LogError (object)
UnityEditor.EditorAssemblies:ProcessInitializeOnLoadMethodAttributes ()

Mono: successfully reloaded assembly
- Completed reload, in  4.498 seconds
Domain Reload Profiling:
	ReloadAssembly (4503ms)
		BeginReloadAssembly (434ms)
			ExecutionOrderSort (0ms)
			DisableScriptedObjects (18ms)
			BackupInstance (0ms)
			ReleaseScriptingObjects (0ms)
			CreateAndSetChildDomain (146ms)
		EndReloadAssembly (3862ms)
			LoadAssemblies (346ms)
			RebuildTransferFunctionScriptingTraits (0ms)
			SetupTypeCache (1245ms)
			ReleaseScriptCaches (5ms)
			RebuildScriptCaches (151ms)
			SetupLoadedEditorAssemblies (1671ms)
				LogAssemblyErrors (0ms)
				InitializePlatformSupportModulesInManaged (14ms)
				SetLoadedEditorAssemblies (1ms)
				RefreshPlugins (3ms)
				BeforeProcessingInitializeOnLoad (365ms)
				ProcessInitializeOnLoadAttributes (1220ms)
				ProcessInitializeOnLoadMethodAttributes (46ms)
				AfterProcessingInitializeOnLoad (22ms)
				EditorAssembliesLoaded (1ms)
			ExecutionOrderSort2 (0ms)
			AwakeInstancesAfterBackupRestoration (36ms)
Platform modules already initialized, skipping
Refreshing native plugins compatible for Editor in 3.32 ms, found 5 plugins.
Preloading 1 native plugins for Editor in 0.49 ms.
Unloading 3467 Unused Serialized files (Serialized files now loaded: 0)
System memory in use before: 166.6 MB.
System memory in use after: 166.8 MB.

Unloading 17 unused Assets to reduce memory usage. Loaded Objects now: 4056.
Total: 11.180500 ms (FindLiveObjects: 0.791100 ms CreateObjectMapping: 0.351200 ms MarkObjects: 9.453900 ms  DeleteObjects: 0.581800 ms)

AssetImportParameters requested are different than current active one (requested -> active):
  custom:framework-win-MediaFoundation: 216162199b28c13a410421893ffa2e32 -> 
  custom:video-decoder-ogg-theora: a1e56fd34408186e4bbccfd4996cb3dc -> 
  custom:container-muxer-webm: aa71ff27fc2769a1b78a27578f13a17b -> 
  custom:container-demuxer-webm: 4f35f7cbe854078d1ac9338744f61a02 -> 
  custom:container-demuxer-ogg: 62fdf1f143b41e24485cea50d1cbac27 -> 
  custom:video-encoder-webm-vp8: eb34c28f22e8b96e1ab97ce403110664 -> 
  custom:video-codec-MediaFoundation-h265: 746d11721c4dcdbdad8f713fa42b33f4 -> 
  custom:video-decoder-webm-vp8: 9c59270c3fd7afecdb556c50c9e8de78 -> 
  custom:audio-decoder-ogg-vorbis: bf7c407c2cedff20999df2af8eb42d56 -> 
  custom:audio-encoder-webm-vorbis: bf7c407c2cedff20999df2af8eb42d56 -> 
========================================================================
Received Prepare
Registering precompiled user dll's ...
Registered in 0.031584 seconds.
Begin MonoManager ReloadAssembly
Native extension for WindowsStandalone target not found
Refreshing native plugins compatible for Editor in 3.09 ms, found 5 plugins.
Preloading 1 native plugins for Editor in 0.43 ms.
System.Reflection.TargetInvocationException: Exception has been thrown by the target of an invocation. ---> System.NullReferenceException: Object reference not set to an instance of an object
  at Unity.XR.Oculus.OculusLoader.AssetPathToAbsolutePath (System.String assetPath) [0x00048] in C:\Users\mapie\Documents\GitHub\LAB\SceneManagement\Library\PackageCache\com.unity.xr.oculus@1.10.0\Runtime\OculusLoader.cs:250 
  at Unity.XR.Oculus.OculusLoader.EditorLoadOVRPlugin () [0x0007b] in C:\Users\mapie\Documents\GitHub\LAB\SceneManagement\Library\PackageCache\com.unity.xr.oculus@1.10.0\Runtime\OculusLoader.cs:235 
  at (wrapper managed-to-native) System.Reflection.MonoMethod.InternalInvoke(System.Reflection.MonoMethod,object,object[],System.Exception&)
  at System.Reflection.MonoMethod.Invoke (System.Object obj, System.Reflection.BindingFlags invokeAttr, System.Reflection.Binder binder, System.Object[] parameters, System.Globalization.CultureInfo culture) [0x00032] in <695d1cc93cca45069c528c15c9fdd749>:0 
   --- End of inner exception stack trace ---
  at System.Reflection.MonoMethod.Invoke (System.Object obj, System.Reflection.BindingFlags invokeAttr, System.Reflection.Binder binder, System.Object[] parameters, System.Globalization.CultureInfo culture) [0x00048] in <695d1cc93cca45069c528c15c9fdd749>:0 
  at System.Reflection.MethodBase.Invoke (System.Object obj, System.Object[] parameters) [0x00000] in <695d1cc93cca45069c528c15c9fdd749>:0 
  at UnityEditor.EditorAssemblies.ProcessInitializeOnLoadMethodAttributes () [0x00047] in <d0e4b8c1204147f3935b6e9c8b8565ad>:0 
UnityEngine.StackTraceUtility:ExtractStackTrace ()
UnityEngine.DebugLogHandler:LogFormat (UnityEngine.LogType,UnityEngine.Object,string,object[])
UnityEngine.Logger:Log (UnityEngine.LogType,object)
UnityEngine.Debug:LogError (object)
UnityEditor.EditorAssemblies:ProcessInitializeOnLoadMethodAttributes ()

Mono: successfully reloaded assembly
- Completed reload, in  5.329 seconds
Domain Reload Profiling:
	ReloadAssembly (5331ms)
		BeginReloadAssembly (463ms)
			ExecutionOrderSort (0ms)
			DisableScriptedObjects (19ms)
			BackupInstance (0ms)
			ReleaseScriptingObjects (0ms)
			CreateAndSetChildDomain (135ms)
		EndReloadAssembly (4598ms)
			LoadAssemblies (420ms)
			RebuildTransferFunctionScriptingTraits (0ms)
			SetupTypeCache (1350ms)
			ReleaseScriptCaches (3ms)
			RebuildScriptCaches (165ms)
			SetupLoadedEditorAssemblies (2267ms)
				LogAssemblyErrors (0ms)
				InitializePlatformSupportModulesInManaged (18ms)
				SetLoadedEditorAssemblies (2ms)
				RefreshPlugins (4ms)
				BeforeProcessingInitializeOnLoad (485ms)
				ProcessInitializeOnLoadAttributes (1687ms)
				ProcessInitializeOnLoadMethodAttributes (47ms)
				AfterProcessingInitializeOnLoad (23ms)
				EditorAssembliesLoaded (0ms)
			ExecutionOrderSort2 (0ms)
			AwakeInstancesAfterBackupRestoration (28ms)
Platform modules already initialized, skipping
Refreshing native plugins compatible for Editor in 2.53 ms, found 5 plugins.
Preloading 1 native plugins for Editor in 0.34 ms.
Unloading 3467 Unused Serialized files (Serialized files now loaded: 0)
System memory in use before: 166.7 MB.
System memory in use after: 166.9 MB.

Unloading 17 unused Assets to reduce memory usage. Loaded Objects now: 4059.
Total: 8.022000 ms (FindLiveObjects: 0.799600 ms CreateObjectMapping: 0.344500 ms MarkObjects: 6.566000 ms  DeleteObjects: 0.309700 ms)

AssetImportParameters requested are different than current active one (requested -> active):
  custom:framework-win-MediaFoundation: 216162199b28c13a410421893ffa2e32 -> 
  custom:video-decoder-ogg-theora: a1e56fd34408186e4bbccfd4996cb3dc -> 
  custom:container-muxer-webm: aa71ff27fc2769a1b78a27578f13a17b -> 
  custom:container-demuxer-webm: 4f35f7cbe854078d1ac9338744f61a02 -> 
  custom:container-demuxer-ogg: 62fdf1f143b41e24485cea50d1cbac27 -> 
  custom:video-encoder-webm-vp8: eb34c28f22e8b96e1ab97ce403110664 -> 
  custom:video-codec-MediaFoundation-h265: 746d11721c4dcdbdad8f713fa42b33f4 -> 
  custom:video-decoder-webm-vp8: 9c59270c3fd7afecdb556c50c9e8de78 -> 
  custom:audio-decoder-ogg-vorbis: bf7c407c2cedff20999df2af8eb42d56 -> 
  custom:audio-encoder-webm-vorbis: bf7c407c2cedff20999df2af8eb42d56 -> 
========================================================================
Received Import Request.
  Time since last request: 221.208713 seconds.
  path: Assets/Scripts/XRSceneTransitionController.cs
  artifactKey: Guid(58a0fe1e9df824849a98db1135e16e2d) Importer(815301076,1909f56bfc062723c751e8b465ee728b)
Start importing Assets/Scripts/XRSceneTransitionController.cs using Guid(58a0fe1e9df824849a98db1135e16e2d) Importer(815301076,1909f56bfc062723c751e8b465ee728b)  -> (artifact id: '90a0db373070f0da3c274b90f0009017') in 0.022413 seconds 
  Import took 0.045786 seconds .

========================================================================
Received Prepare
Registering precompiled user dll's ...
Registered in 0.020585 seconds.
Begin MonoManager ReloadAssembly
Native extension for WindowsStandalone target not found
Refreshing native plugins compatible for Editor in 1.60 ms, found 5 plugins.
Preloading 1 native plugins for Editor in 0.28 ms.
System.Reflection.TargetInvocationException: Exception has been thrown by the target of an invocation. ---> System.NullReferenceException: Object reference not set to an instance of an object
  at Unity.XR.Oculus.OculusLoader.AssetPathToAbsolutePath (System.String assetPath) [0x00048] in C:\Users\mapie\Documents\GitHub\LAB\SceneManagement\Library\PackageCache\com.unity.xr.oculus@1.10.0\Runtime\OculusLoader.cs:250 
  at Unity.XR.Oculus.OculusLoader.EditorLoadOVRPlugin () [0x0007b] in C:\Users\mapie\Documents\GitHub\LAB\SceneManagement\Library\PackageCache\com.unity.xr.oculus@1.10.0\Runtime\OculusLoader.cs:235 
  at (wrapper managed-to-native) System.Reflection.MonoMethod.InternalInvoke(System.Reflection.MonoMethod,object,object[],System.Exception&)
  at System.Reflection.MonoMethod.Invoke (System.Object obj, System.Reflection.BindingFlags invokeAttr, System.Reflection.Binder binder, System.Object[] parameters, System.Globalization.CultureInfo culture) [0x00032] in <695d1cc93cca45069c528c15c9fdd749>:0 
   --- End of inner exception stack trace ---
  at System.Reflection.MonoMethod.Invoke (System.Object obj, System.Reflection.BindingFlags invokeAttr, System.Reflection.Binder binder, System.Object[] parameters, System.Globalization.CultureInfo culture) [0x00048] in <695d1cc93cca45069c528c15c9fdd749>:0 
  at System.Reflection.MethodBase.Invoke (System.Object obj, System.Object[] parameters) [0x00000] in <695d1cc93cca45069c528c15c9fdd749>:0 
  at UnityEditor.EditorAssemblies.ProcessInitializeOnLoadMethodAttributes () [0x00047] in <d0e4b8c1204147f3935b6e9c8b8565ad>:0 
UnityEngine.StackTraceUtility:ExtractStackTrace ()
UnityEngine.DebugLogHandler:LogFormat (UnityEngine.LogType,UnityEngine.Object,string,object[])
UnityEngine.Logger:Log (UnityEngine.LogType,object)
UnityEngine.Debug:LogError (object)
UnityEditor.EditorAssemblies:ProcessInitializeOnLoadMethodAttributes ()

Mono: successfully reloaded assembly
- Completed reload, in  4.553 seconds
Domain Reload Profiling:
	ReloadAssembly (4554ms)
		BeginReloadAssembly (419ms)
			ExecutionOrderSort (0ms)
			DisableScriptedObjects (18ms)
			BackupInstance (0ms)
			ReleaseScriptingObjects (0ms)
			CreateAndSetChildDomain (130ms)
		EndReloadAssembly (3928ms)
			LoadAssemblies (370ms)
			RebuildTransferFunctionScriptingTraits (0ms)
			SetupTypeCache (1225ms)
			ReleaseScriptCaches (3ms)
			RebuildScriptCaches (172ms)
			SetupLoadedEditorAssemblies (1739ms)
				LogAssemblyErrors (0ms)
				InitializePlatformSupportModulesInManaged (14ms)
				SetLoadedEditorAssemblies (2ms)
				RefreshPlugins (2ms)
				BeforeProcessingInitializeOnLoad (363ms)
				ProcessInitializeOnLoadAttributes (1281ms)
				ProcessInitializeOnLoadMethodAttributes (50ms)
				AfterProcessingInitializeOnLoad (27ms)
				EditorAssembliesLoaded (1ms)
			ExecutionOrderSort2 (0ms)
			AwakeInstancesAfterBackupRestoration (33ms)
Platform modules already initialized, skipping
Refreshing native plugins compatible for Editor in 1.66 ms, found 5 plugins.
Preloading 1 native plugins for Editor in 0.25 ms.
Unloading 3468 Unused Serialized files (Serialized files now loaded: 0)
System memory in use before: 166.7 MB.
System memory in use after: 166.9 MB.

Unloading 17 unused Assets to reduce memory usage. Loaded Objects now: 4063.
Total: 10.456900 ms (FindLiveObjects: 0.850200 ms CreateObjectMapping: 0.502300 ms MarkObjects: 8.737200 ms  DeleteObjects: 0.364000 ms)

AssetImportParameters requested are different than current active one (requested -> active):
  custom:framework-win-MediaFoundation: 216162199b28c13a410421893ffa2e32 -> 
  custom:video-decoder-ogg-theora: a1e56fd34408186e4bbccfd4996cb3dc -> 
  custom:container-muxer-webm: aa71ff27fc2769a1b78a27578f13a17b -> 
  custom:container-demuxer-webm: 4f35f7cbe854078d1ac9338744f61a02 -> 
  custom:container-demuxer-ogg: 62fdf1f143b41e24485cea50d1cbac27 -> 
  custom:video-encoder-webm-vp8: eb34c28f22e8b96e1ab97ce403110664 -> 
  custom:video-codec-MediaFoundation-h265: 746d11721c4dcdbdad8f713fa42b33f4 -> 
  custom:video-decoder-webm-vp8: 9c59270c3fd7afecdb556c50c9e8de78 -> 
  custom:audio-decoder-ogg-vorbis: bf7c407c2cedff20999df2af8eb42d56 -> 
  custom:audio-encoder-webm-vorbis: bf7c407c2cedff20999df2af8eb42d56 -> 
========================================================================
Received Prepare
Registering precompiled user dll's ...
Registered in 0.029059 seconds.
Begin MonoManager ReloadAssembly
Native extension for WindowsStandalone target not found
Refreshing native plugins compatible for Editor in 1.49 ms, found 5 plugins.
Preloading 1 native plugins for Editor in 0.27 ms.
System.Reflection.TargetInvocationException: Exception has been thrown by the target of an invocation. ---> System.NullReferenceException: Object reference not set to an instance of an object
  at Unity.XR.Oculus.OculusLoader.AssetPathToAbsolutePath (System.String assetPath) [0x00048] in C:\Users\mapie\Documents\GitHub\LAB\SceneManagement\Library\PackageCache\com.unity.xr.oculus@1.10.0\Runtime\OculusLoader.cs:250 
  at Unity.XR.Oculus.OculusLoader.EditorLoadOVRPlugin () [0x0007b] in C:\Users\mapie\Documents\GitHub\LAB\SceneManagement\Library\PackageCache\com.unity.xr.oculus@1.10.0\Runtime\OculusLoader.cs:235 
  at (wrapper managed-to-native) System.Reflection.MonoMethod.InternalInvoke(System.Reflection.MonoMethod,object,object[],System.Exception&)
  at System.Reflection.MonoMethod.Invoke (System.Object obj, System.Reflection.BindingFlags invokeAttr, System.Reflection.Binder binder, System.Object[] parameters, System.Globalization.CultureInfo culture) [0x00032] in <695d1cc93cca45069c528c15c9fdd749>:0 
   --- End of inner exception stack trace ---
  at System.Reflection.MonoMethod.Invoke (System.Object obj, System.Reflection.BindingFlags invokeAttr, System.Reflection.Binder binder, System.Object[] parameters, System.Globalization.CultureInfo culture) [0x00048] in <695d1cc93cca45069c528c15c9fdd749>:0 
  at System.Reflection.MethodBase.Invoke (System.Object obj, System.Object[] parameters) [0x00000] in <695d1cc93cca45069c528c15c9fdd749>:0 
  at UnityEditor.EditorAssemblies.ProcessInitializeOnLoadMethodAttributes () [0x00047] in <d0e4b8c1204147f3935b6e9c8b8565ad>:0 
UnityEngine.StackTraceUtility:ExtractStackTrace ()
UnityEngine.DebugLogHandler:LogFormat (UnityEngine.LogType,UnityEngine.Object,string,object[])
UnityEngine.Logger:Log (UnityEngine.LogType,object)
UnityEngine.Debug:LogError (object)
UnityEditor.EditorAssemblies:ProcessInitializeOnLoadMethodAttributes ()

Mono: successfully reloaded assembly
- Completed reload, in  4.386 seconds
Domain Reload Profiling:
	ReloadAssembly (4387ms)
		BeginReloadAssembly (430ms)
			ExecutionOrderSort (0ms)
			DisableScriptedObjects (17ms)
			BackupInstance (0ms)
			ReleaseScriptingObjects (0ms)
			CreateAndSetChildDomain (123ms)
		EndReloadAssembly (3728ms)
			LoadAssemblies (357ms)
			RebuildTransferFunctionScriptingTraits (0ms)
			SetupTypeCache (1116ms)
			ReleaseScriptCaches (3ms)
			RebuildScriptCaches (137ms)
			SetupLoadedEditorAssemblies (1742ms)
				LogAssemblyErrors (0ms)
				InitializePlatformSupportModulesInManaged (14ms)
				SetLoadedEditorAssemblies (1ms)
				RefreshPlugins (2ms)
				BeforeProcessingInitializeOnLoad (309ms)
				ProcessInitializeOnLoadAttributes (1344ms)
				ProcessInitializeOnLoadMethodAttributes (46ms)
				AfterProcessingInitializeOnLoad (26ms)
				EditorAssembliesLoaded (0ms)
			ExecutionOrderSort2 (0ms)
			AwakeInstancesAfterBackupRestoration (30ms)
Platform modules already initialized, skipping
Refreshing native plugins compatible for Editor in 1.93 ms, found 5 plugins.
Preloading 1 native plugins for Editor in 0.36 ms.
Unloading 3468 Unused Serialized files (Serialized files now loaded: 0)
System memory in use before: 166.7 MB.
System memory in use after: 166.9 MB.

Unloading 17 unused Assets to reduce memory usage. Loaded Objects now: 4066.
Total: 8.073100 ms (FindLiveObjects: 0.619400 ms CreateObjectMapping: 0.383700 ms MarkObjects: 6.660400 ms  DeleteObjects: 0.407300 ms)

AssetImportParameters requested are different than current active one (requested -> active):
  custom:framework-win-MediaFoundation: 216162199b28c13a410421893ffa2e32 -> 
  custom:video-decoder-ogg-theora: a1e56fd34408186e4bbccfd4996cb3dc -> 
  custom:container-muxer-webm: aa71ff27fc2769a1b78a27578f13a17b -> 
  custom:container-demuxer-webm: 4f35f7cbe854078d1ac9338744f61a02 -> 
  custom:container-demuxer-ogg: 62fdf1f143b41e24485cea50d1cbac27 -> 
  custom:video-encoder-webm-vp8: eb34c28f22e8b96e1ab97ce403110664 -> 
  custom:video-codec-MediaFoundation-h265: 746d11721c4dcdbdad8f713fa42b33f4 -> 
  custom:video-decoder-webm-vp8: 9c59270c3fd7afecdb556c50c9e8de78 -> 
  custom:audio-decoder-ogg-vorbis: bf7c407c2cedff20999df2af8eb42d56 -> 
  custom:audio-encoder-webm-vorbis: bf7c407c2cedff20999df2af8eb42d56 -> 
========================================================================
Received Prepare
Registering precompiled user dll's ...
Registered in 0.022526 seconds.
Begin MonoManager ReloadAssembly
Native extension for WindowsStandalone target not found
Refreshing native plugins compatible for Editor in 1.55 ms, found 5 plugins.
Preloading 1 native plugins for Editor in 0.30 ms.
System.Reflection.TargetInvocationException: Exception has been thrown by the target of an invocation. ---> System.NullReferenceException: Object reference not set to an instance of an object
  at Unity.XR.Oculus.OculusLoader.AssetPathToAbsolutePath (System.String assetPath) [0x00048] in C:\Users\mapie\Documents\GitHub\LAB\SceneManagement\Library\PackageCache\com.unity.xr.oculus@1.10.0\Runtime\OculusLoader.cs:250 
  at Unity.XR.Oculus.OculusLoader.EditorLoadOVRPlugin () [0x0007b] in C:\Users\mapie\Documents\GitHub\LAB\SceneManagement\Library\PackageCache\com.unity.xr.oculus@1.10.0\Runtime\OculusLoader.cs:235 
  at (wrapper managed-to-native) System.Reflection.MonoMethod.InternalInvoke(System.Reflection.MonoMethod,object,object[],System.Exception&)
  at System.Reflection.MonoMethod.Invoke (System.Object obj, System.Reflection.BindingFlags invokeAttr, System.Reflection.Binder binder, System.Object[] parameters, System.Globalization.CultureInfo culture) [0x00032] in <695d1cc93cca45069c528c15c9fdd749>:0 
   --- End of inner exception stack trace ---
  at System.Reflection.MonoMethod.Invoke (System.Object obj, System.Reflection.BindingFlags invokeAttr, System.Reflection.Binder binder, System.Object[] parameters, System.Globalization.CultureInfo culture) [0x00048] in <695d1cc93cca45069c528c15c9fdd749>:0 
  at System.Reflection.MethodBase.Invoke (System.Object obj, System.Object[] parameters) [0x00000] in <695d1cc93cca45069c528c15c9fdd749>:0 
  at UnityEditor.EditorAssemblies.ProcessInitializeOnLoadMethodAttributes () [0x00047] in <d0e4b8c1204147f3935b6e9c8b8565ad>:0 
UnityEngine.StackTraceUtility:ExtractStackTrace ()
UnityEngine.DebugLogHandler:LogFormat (UnityEngine.LogType,UnityEngine.Object,string,object[])
UnityEngine.Logger:Log (UnityEngine.LogType,object)
UnityEngine.Debug:LogError (object)
UnityEditor.EditorAssemblies:ProcessInitializeOnLoadMethodAttributes ()

Mono: successfully reloaded assembly
- Completed reload, in  4.770 seconds
Domain Reload Profiling:
	ReloadAssembly (4771ms)
		BeginReloadAssembly (374ms)
			ExecutionOrderSort (0ms)
			DisableScriptedObjects (9ms)
			BackupInstance (0ms)
			ReleaseScriptingObjects (0ms)
			CreateAndSetChildDomain (121ms)
		EndReloadAssembly (4173ms)
			LoadAssemblies (360ms)
			RebuildTransferFunctionScriptingTraits (0ms)
			SetupTypeCache (1235ms)
			ReleaseScriptCaches (4ms)
			RebuildScriptCaches (158ms)
			SetupLoadedEditorAssemblies (1961ms)
				LogAssemblyErrors (0ms)
				InitializePlatformSupportModulesInManaged (12ms)
				SetLoadedEditorAssemblies (2ms)
				RefreshPlugins (2ms)
				BeforeProcessingInitializeOnLoad (389ms)
				ProcessInitializeOnLoadAttributes (1475ms)
				ProcessInitializeOnLoadMethodAttributes (54ms)
				AfterProcessingInitializeOnLoad (26ms)
				EditorAssembliesLoaded (1ms)
			ExecutionOrderSort2 (0ms)
			AwakeInstancesAfterBackupRestoration (34ms)
Platform modules already initialized, skipping
Refreshing native plugins compatible for Editor in 5.38 ms, found 5 plugins.
Preloading 1 native plugins for Editor in 0.76 ms.
Unloading 3468 Unused Serialized files (Serialized files now loaded: 0)
System memory in use before: 166.7 MB.
System memory in use after: 166.9 MB.

Unloading 17 unused Assets to reduce memory usage. Loaded Objects now: 4069.
Total: 23.474200 ms (FindLiveObjects: 1.006700 ms CreateObjectMapping: 0.682000 ms MarkObjects: 21.276300 ms  DeleteObjects: 0.504600 ms)

AssetImportParameters requested are different than current active one (requested -> active):
  custom:framework-win-MediaFoundation: 216162199b28c13a410421893ffa2e32 -> 
  custom:video-decoder-ogg-theora: a1e56fd34408186e4bbccfd4996cb3dc -> 
  custom:container-muxer-webm: aa71ff27fc2769a1b78a27578f13a17b -> 
  custom:container-demuxer-webm: 4f35f7cbe854078d1ac9338744f61a02 -> 
  custom:container-demuxer-ogg: 62fdf1f143b41e24485cea50d1cbac27 -> 
  custom:video-encoder-webm-vp8: eb34c28f22e8b96e1ab97ce403110664 -> 
  custom:video-codec-MediaFoundation-h265: 746d11721c4dcdbdad8f713fa42b33f4 -> 
  custom:video-decoder-webm-vp8: 9c59270c3fd7afecdb556c50c9e8de78 -> 
  custom:audio-decoder-ogg-vorbis: bf7c407c2cedff20999df2af8eb42d56 -> 
  custom:audio-encoder-webm-vorbis: bf7c407c2cedff20999df2af8eb42d56 -> 
========================================================================
Received Prepare
Registering precompiled user dll's ...
Registered in 0.023094 seconds.
Begin MonoManager ReloadAssembly
Native extension for WindowsStandalone target not found
Refreshing native plugins compatible for Editor in 2.46 ms, found 5 plugins.
Preloading 1 native plugins for Editor in 0.45 ms.
System.Reflection.TargetInvocationException: Exception has been thrown by the target of an invocation. ---> System.NullReferenceException: Object reference not set to an instance of an object
  at Unity.XR.Oculus.OculusLoader.AssetPathToAbsolutePath (System.String assetPath) [0x00048] in C:\Users\mapie\Documents\GitHub\LAB\SceneManagement\Library\PackageCache\com.unity.xr.oculus@1.10.0\Runtime\OculusLoader.cs:250 
  at Unity.XR.Oculus.OculusLoader.EditorLoadOVRPlugin () [0x0007b] in C:\Users\mapie\Documents\GitHub\LAB\SceneManagement\Library\PackageCache\com.unity.xr.oculus@1.10.0\Runtime\OculusLoader.cs:235 
  at (wrapper managed-to-native) System.Reflection.MonoMethod.InternalInvoke(System.Reflection.MonoMethod,object,object[],System.Exception&)
  at System.Reflection.MonoMethod.Invoke (System.Object obj, System.Reflection.BindingFlags invokeAttr, System.Reflection.Binder binder, System.Object[] parameters, System.Globalization.CultureInfo culture) [0x00032] in <695d1cc93cca45069c528c15c9fdd749>:0 
   --- End of inner exception stack trace ---
  at System.Reflection.MonoMethod.Invoke (System.Object obj, System.Reflection.BindingFlags invokeAttr, System.Reflection.Binder binder, System.Object[] parameters, System.Globalization.CultureInfo culture) [0x00048] in <695d1cc93cca45069c528c15c9fdd749>:0 
  at System.Reflection.MethodBase.Invoke (System.Object obj, System.Object[] parameters) [0x00000] in <695d1cc93cca45069c528c15c9fdd749>:0 
  at UnityEditor.EditorAssemblies.ProcessInitializeOnLoadMethodAttributes () [0x00047] in <d0e4b8c1204147f3935b6e9c8b8565ad>:0 
UnityEngine.StackTraceUtility:ExtractStackTrace ()
UnityEngine.DebugLogHandler:LogFormat (UnityEngine.LogType,UnityEngine.Object,string,object[])
UnityEngine.Logger:Log (UnityEngine.LogType,object)
UnityEngine.Debug:LogError (object)
UnityEditor.EditorAssemblies:ProcessInitializeOnLoadMethodAttributes ()

Mono: successfully reloaded assembly
- Completed reload, in  4.382 seconds
Domain Reload Profiling:
	ReloadAssembly (4383ms)
		BeginReloadAssembly (373ms)
			ExecutionOrderSort (0ms)
			DisableScriptedObjects (11ms)
			BackupInstance (0ms)
			ReleaseScriptingObjects (0ms)
			CreateAndSetChildDomain (137ms)
		EndReloadAssembly (3798ms)
			LoadAssemblies (357ms)
			RebuildTransferFunctionScriptingTraits (0ms)
			SetupTypeCache (1286ms)
			ReleaseScriptCaches (3ms)
			RebuildScriptCaches (128ms)
			SetupLoadedEditorAssemblies (1460ms)
				LogAssemblyErrors (0ms)
				InitializePlatformSupportModulesInManaged (15ms)
				SetLoadedEditorAssemblies (2ms)
				RefreshPlugins (3ms)
				BeforeProcessingInitializeOnLoad (361ms)
				ProcessInitializeOnLoadAttributes (1026ms)
				ProcessInitializeOnLoadMethodAttributes (36ms)
				AfterProcessingInitializeOnLoad (17ms)
				EditorAssembliesLoaded (0ms)
			ExecutionOrderSort2 (0ms)
			AwakeInstancesAfterBackupRestoration (26ms)
Platform modules already initialized, skipping
Switching build target platform(19) subTarget(0) extendedPlatform(0) -> platform(13) subTarget(524288) extendedPlatform(0)
Refreshing native plugins compatible for Editor in 1.93 ms, found 5 plugins.
Preloading 1 native plugins for Editor in 0.26 ms.
Unloading 3472 Unused Serialized files (Serialized files now loaded: 0)
System memory in use before: 164.9 MB.
System memory in use after: 165.1 MB.

Unloading 17 unused Assets to reduce memory usage. Loaded Objects now: 4072.
Total: 14.448300 ms (FindLiveObjects: 2.834600 ms CreateObjectMapping: 0.407300 ms MarkObjects: 11.052000 ms  DeleteObjects: 0.151400 ms)

AssetImportParameters requested are different than current active one (requested -> active):
  custom:framework-win-MediaFoundation: 216162199b28c13a410421893ffa2e32 -> 
  custom:video-decoder-ogg-theora: a1e56fd34408186e4bbccfd4996cb3dc -> 
  custom:container-muxer-webm: aa71ff27fc2769a1b78a27578f13a17b -> 
  custom:container-demuxer-webm: 4f35f7cbe854078d1ac9338744f61a02 -> 
  custom:container-demuxer-ogg: 62fdf1f143b41e24485cea50d1cbac27 -> 
  custom:video-encoder-webm-vp8: eb34c28f22e8b96e1ab97ce403110664 -> 
  custom:video-codec-MediaFoundation-h265: 746d11721c4dcdbdad8f713fa42b33f4 -> 
  custom:video-decoder-webm-vp8: 9c59270c3fd7afecdb556c50c9e8de78 -> 
  custom:graphics/normal-map-encoding: 01000000000000000000000000000000 -> 02000000000000000000000000000000
  custom:audio-decoder-ogg-vorbis: bf7c407c2cedff20999df2af8eb42d56 -> 
  custom:audio-encoder-webm-vorbis: bf7c407c2cedff20999df2af8eb42d56 -> 
========================================================================
Received Prepare
Refreshing native plugins compatible for Editor in 18.65 ms, found 5 plugins.
Preloading 1 native plugins for Editor in 0.32 ms.
Unloading 14 Unused Serialized files (Serialized files now loaded: 0)
System memory in use before: 79.2 MB.
System memory in use after: 79.4 MB.

Unloading 14 unused Assets to reduce memory usage. Loaded Objects now: 4072.
Total: 14.680100 ms (FindLiveObjects: 0.847000 ms CreateObjectMapping: 0.682400 ms MarkObjects: 13.008100 ms  DeleteObjects: 0.140100 ms)

AssetImportParameters requested are different than current active one (requested -> active):
  custom:framework-win-MediaFoundation: 216162199b28c13a410421893ffa2e32 -> 
  custom:video-decoder-ogg-theora: a1e56fd34408186e4bbccfd4996cb3dc -> 
  custom:container-muxer-webm: aa71ff27fc2769a1b78a27578f13a17b -> 
  custom:container-demuxer-webm: 4f35f7cbe854078d1ac9338744f61a02 -> 
  custom:container-demuxer-ogg: 62fdf1f143b41e24485cea50d1cbac27 -> 
  custom:video-encoder-webm-vp8: eb34c28f22e8b96e1ab97ce403110664 -> 
  custom:video-codec-MediaFoundation-h265: 746d11721c4dcdbdad8f713fa42b33f4 -> 
  custom:video-decoder-webm-vp8: 9c59270c3fd7afecdb556c50c9e8de78 -> 
  custom:audio-decoder-ogg-vorbis: bf7c407c2cedff20999df2af8eb42d56 -> 
  custom:audio-encoder-webm-vorbis: bf7c407c2cedff20999df2af8eb42d56 -> 
========================================================================
Received Prepare
Registering precompiled user dll's ...
Registered in 0.023214 seconds.
Begin MonoManager ReloadAssembly
Native extension for WindowsStandalone target not found
Refreshing native plugins compatible for Editor in 1.80 ms, found 5 plugins.
Preloading 1 native plugins for Editor in 0.28 ms.
System.Reflection.TargetInvocationException: Exception has been thrown by the target of an invocation. ---> System.NullReferenceException: Object reference not set to an instance of an object
  at Unity.XR.Oculus.OculusLoader.AssetPathToAbsolutePath (System.String assetPath) [0x00048] in C:\Users\mapie\Documents\GitHub\LAB\SceneManagement\Library\PackageCache\com.unity.xr.oculus@1.10.0\Runtime\OculusLoader.cs:250 
  at Unity.XR.Oculus.OculusLoader.EditorLoadOVRPlugin () [0x0007b] in C:\Users\mapie\Documents\GitHub\LAB\SceneManagement\Library\PackageCache\com.unity.xr.oculus@1.10.0\Runtime\OculusLoader.cs:235 
  at (wrapper managed-to-native) System.Reflection.MonoMethod.InternalInvoke(System.Reflection.MonoMethod,object,object[],System.Exception&)
  at System.Reflection.MonoMethod.Invoke (System.Object obj, System.Reflection.BindingFlags invokeAttr, System.Reflection.Binder binder, System.Object[] parameters, System.Globalization.CultureInfo culture) [0x00032] in <695d1cc93cca45069c528c15c9fdd749>:0 
   --- End of inner exception stack trace ---
  at System.Reflection.MonoMethod.Invoke (System.Object obj, System.Reflection.BindingFlags invokeAttr, System.Reflection.Binder binder, System.Object[] parameters, System.Globalization.CultureInfo culture) [0x00048] in <695d1cc93cca45069c528c15c9fdd749>:0 
  at System.Reflection.MethodBase.Invoke (System.Object obj, System.Object[] parameters) [0x00000] in <695d1cc93cca45069c528c15c9fdd749>:0 
  at UnityEditor.EditorAssemblies.ProcessInitializeOnLoadMethodAttributes () [0x00047] in <d0e4b8c1204147f3935b6e9c8b8565ad>:0 
UnityEngine.StackTraceUtility:ExtractStackTrace ()
UnityEngine.DebugLogHandler:LogFormat (UnityEngine.LogType,UnityEngine.Object,string,object[])
UnityEngine.Logger:Log (UnityEngine.LogType,object)
UnityEngine.Debug:LogError (object)
UnityEditor.EditorAssemblies:ProcessInitializeOnLoadMethodAttributes ()

Mono: successfully reloaded assembly
- Completed reload, in  5.606 seconds
Domain Reload Profiling:
	ReloadAssembly (5607ms)
		BeginReloadAssembly (430ms)
			ExecutionOrderSort (0ms)
			DisableScriptedObjects (18ms)
			BackupInstance (0ms)
			ReleaseScriptingObjects (0ms)
			CreateAndSetChildDomain (117ms)
		EndReloadAssembly (4905ms)
			LoadAssemblies (434ms)
			RebuildTransferFunctionScriptingTraits (0ms)
			SetupTypeCache (1443ms)
			ReleaseScriptCaches (3ms)
			RebuildScriptCaches (191ms)
			SetupLoadedEditorAssemblies (2030ms)
				LogAssemblyErrors (0ms)
				InitializePlatformSupportModulesInManaged (15ms)
				SetLoadedEditorAssemblies (5ms)
				RefreshPlugins (2ms)
				BeforeProcessingInitializeOnLoad (418ms)
				ProcessInitializeOnLoadAttributes (1496ms)
				ProcessInitializeOnLoadMethodAttributes (66ms)
				AfterProcessingInitializeOnLoad (28ms)
				EditorAssembliesLoaded (1ms)
			ExecutionOrderSort2 (0ms)
			AwakeInstancesAfterBackupRestoration (35ms)
Platform modules already initialized, skipping
Switching build target platform(19) subTarget(0) extendedPlatform(0) -> platform(13) subTarget(524288) extendedPlatform(0)
Refreshing native plugins compatible for Editor in 1.93 ms, found 5 plugins.
Preloading 1 native plugins for Editor in 0.22 ms.
Unloading 3472 Unused Serialized files (Serialized files now loaded: 0)
System memory in use before: 164.9 MB.
System memory in use after: 165.1 MB.

Unloading 17 unused Assets to reduce memory usage. Loaded Objects now: 4075.
Total: 12.906900 ms (FindLiveObjects: 0.695700 ms CreateObjectMapping: 0.523900 ms MarkObjects: 11.533400 ms  DeleteObjects: 0.151500 ms)

AssetImportParameters requested are different than current active one (requested -> active):
  custom:framework-win-MediaFoundation: 216162199b28c13a410421893ffa2e32 -> 
  custom:video-decoder-ogg-theora: a1e56fd34408186e4bbccfd4996cb3dc -> 
  custom:container-muxer-webm: aa71ff27fc2769a1b78a27578f13a17b -> 
  custom:container-demuxer-webm: 4f35f7cbe854078d1ac9338744f61a02 -> 
  custom:container-demuxer-ogg: 62fdf1f143b41e24485cea50d1cbac27 -> 
  custom:video-encoder-webm-vp8: eb34c28f22e8b96e1ab97ce403110664 -> 
  custom:video-codec-MediaFoundation-h265: 746d11721c4dcdbdad8f713fa42b33f4 -> 
  custom:video-decoder-webm-vp8: 9c59270c3fd7afecdb556c50c9e8de78 -> 
  custom:graphics/normal-map-encoding: 01000000000000000000000000000000 -> 02000000000000000000000000000000
  custom:audio-decoder-ogg-vorbis: bf7c407c2cedff20999df2af8eb42d56 -> 
  custom:audio-encoder-webm-vorbis: bf7c407c2cedff20999df2af8eb42d56 -> 
========================================================================
Received Import Request.
  Time since last request: 1326.407509 seconds.
  path: Assets/XR/XRGeneralSettings.asset
  artifactKey: Guid(871ad90ddd6829e42878eeb2fc491ecc) Importer(815301076,1909f56bfc062723c751e8b465ee728b)
Start importing Assets/XR/XRGeneralSettings.asset using Guid(871ad90ddd6829e42878eeb2fc491ecc) Importer(815301076,1909f56bfc062723c751e8b465ee728b)  -> (artifact id: 'caa5ad16b529992a097674c05fb525f9') in 0.085580 seconds 
  Import took 0.105241 seconds .

========================================================================
Received Import Request.
  Time since last request: 379.757546 seconds.
  path: Assets/Settings/URP.asset
  artifactKey: Guid(ca3e2766359ae804880f2a06a8f9cc8c) Importer(815301076,1909f56bfc062723c751e8b465ee728b)
Start importing Assets/Settings/URP.asset using Guid(ca3e2766359ae804880f2a06a8f9cc8c) Importer(815301076,1909f56bfc062723c751e8b465ee728b)  -> (artifact id: '63da1671ab48c71737014908e9927b84') in 0.013115 seconds 
  Import took 0.032731 seconds .

========================================================================
Received Import Request.
  Time since last request: 0.000526 seconds.
  path: Assets/Settings/URP_Renderer.asset
  artifactKey: Guid(0ba8ca096efc51c4cb99f193efcd39dd) Importer(815301076,1909f56bfc062723c751e8b465ee728b)
Start importing Assets/Settings/URP_Renderer.asset using Guid(0ba8ca096efc51c4cb99f193efcd39dd) Importer(815301076,1909f56bfc062723c751e8b465ee728b)  -> (artifact id: 'b8d0b49dc0c4e0a8a9197cfdc280bf2a') in 0.013912 seconds 
  Import took 0.031777 seconds .

========================================================================
Received Import Request.
  Time since last request: 38.568202 seconds.
  path: Assets/Settings/URP_Renderer.asset
  artifactKey: Guid(0ba8ca096efc51c4cb99f193efcd39dd) Importer(815301076,1909f56bfc062723c751e8b465ee728b)
Start importing Assets/Settings/URP_Renderer.asset using Guid(0ba8ca096efc51c4cb99f193efcd39dd) Importer(815301076,1909f56bfc062723c751e8b465ee728b)  -> (artifact id: '7f7c2667bbf675305d5964c8644980ee') in 0.031914 seconds 
  Import took 0.045351 seconds .

========================================================================
Received Import Request.
  Time since last request: 2.727584 seconds.
  path: Assets/XRBlit/Materials/ScreenFade.mat
  artifactKey: Guid(bb086e00bbfb9f943aaf4ed5e9d20899) Importer(815301076,1909f56bfc062723c751e8b465ee728b)
Start importing Assets/XRBlit/Materials/ScreenFade.mat using Guid(bb086e00bbfb9f943aaf4ed5e9d20899) Importer(815301076,1909f56bfc062723c751e8b465ee728b)  -> (artifact id: '831a10beb48c3a0628993dc32e51e7d8') in 0.888963 seconds 
  Import took 0.902631 seconds .

========================================================================
Received Import Request.
  Time since last request: 813.676463 seconds.
  path: Assets/Materials/Black.mat
  artifactKey: Guid(dc3a02b7486b6bb4cbfe0d8a939a7e7d) Importer(815301076,1909f56bfc062723c751e8b465ee728b)
Start importing Assets/Materials/Black.mat using Guid(dc3a02b7486b6bb4cbfe0d8a939a7e7d) Importer(815301076,1909f56bfc062723c751e8b465ee728b)  -> (artifact id: 'd07ab20bf8ded1f503b5827c2091a4b3') in 1.651430 seconds 
  Import took 1.668686 seconds .

========================================================================
Received Import Request.
  Time since last request: 0.000562 seconds.
  path: Assets/Materials/Green.mat
  artifactKey: Guid(57ba251f571e712448af9664708f8add) Importer(815301076,1909f56bfc062723c751e8b465ee728b)
Start importing Assets/Materials/Green.mat using Guid(57ba251f571e712448af9664708f8add) Importer(815301076,1909f56bfc062723c751e8b465ee728b)  -> (artifact id: 'b6d7f05f7ce4e5bd323e5983d4b518b3') in 0.040282 seconds 
  Import took 0.062456 seconds .

========================================================================
Received Import Request.
  Time since last request: 0.000504 seconds.
  path: Assets/Materials/RedButton.mat
  artifactKey: Guid(acbd015c3b74fc24b8e0f6fb9bcb24fb) Importer(815301076,1909f56bfc062723c751e8b465ee728b)
Start importing Assets/Materials/RedButton.mat using Guid(acbd015c3b74fc24b8e0f6fb9bcb24fb) Importer(815301076,1909f56bfc062723c751e8b465ee728b)  -> (artifact id: '54eab0a95761eaa849ddc1275f1a0ab7') in 0.043786 seconds 
  Import took 0.069783 seconds .

========================================================================
Received Import Request.
  Time since last request: 0.000459 seconds.
  path: Assets/Materials/GreenButton.mat
  artifactKey: Guid(f7cde6de9cd240f4ebd3e34e42b6aec6) Importer(815301076,1909f56bfc062723c751e8b465ee728b)
Start importing Assets/Materials/GreenButton.mat using Guid(f7cde6de9cd240f4ebd3e34e42b6aec6) Importer(815301076,1909f56bfc062723c751e8b465ee728b)  -> (artifact id: '3c2f2e85205e6cb1ab2ed48ac642f931') in 0.036917 seconds 
  Import took 0.060109 seconds .

========================================================================
Received Import Request.
  Time since last request: 0.000488 seconds.
  path: Assets/Materials/RedGlow.mat
  artifactKey: Guid(4b84cdda43224804cabf4286c1a22906) Importer(815301076,1909f56bfc062723c751e8b465ee728b)
Start importing Assets/Materials/RedGlow.mat using Guid(4b84cdda43224804cabf4286c1a22906) Importer(815301076,1909f56bfc062723c751e8b465ee728b)  -> (artifact id: '28b619de5237bda211d7b1df256bdff5') in 0.992983 seconds 
  Import took 1.010485 seconds .

========================================================================
Received Import Request.
  Time since last request: 0.000669 seconds.
  path: Assets/Materials/OrangeGlow.mat
  artifactKey: Guid(2e34ecffafbf81a4996445084f8ce09b) Importer(815301076,1909f56bfc062723c751e8b465ee728b)
Start importing Assets/Materials/OrangeGlow.mat using Guid(2e34ecffafbf81a4996445084f8ce09b) Importer(815301076,1909f56bfc062723c751e8b465ee728b)  -> (artifact id: 'eecf1a9c86acaa008c07764dbcc101c1') in 0.030845 seconds 
  Import took 0.046556 seconds .

========================================================================
Received Import Request.
  Time since last request: 0.000540 seconds.
  path: Assets/Materials
  artifactKey: Guid(eb772ad6f6edd2840813565ae2d798bb) Importer(815301076,1909f56bfc062723c751e8b465ee728b)
Start importing Assets/Materials using Guid(eb772ad6f6edd2840813565ae2d798bb) Importer(815301076,1909f56bfc062723c751e8b465ee728b)  -> (artifact id: 'c97c9b0f6d1b6176e146161dd16d44fb') in 0.008844 seconds 
  Import took 0.025516 seconds .

========================================================================
Received Import Request.
  Time since last request: 0.000568 seconds.
  path: Assets/Materials/GreenSky.mat
  artifactKey: Guid(a3664b2abb149244a99cd1cd494ec1d2) Importer(815301076,1909f56bfc062723c751e8b465ee728b)
Start importing Assets/Materials/GreenSky.mat using Guid(a3664b2abb149244a99cd1cd494ec1d2) Importer(815301076,1909f56bfc062723c751e8b465ee728b)  -> (artifact id: '9f1fbfcc107a4620214f2da734674ca9') in 0.360507 seconds 
  Import took 0.375726 seconds .

========================================================================
Received Import Request.
  Time since last request: 6.668822 seconds.
  path: Assets/Materials/Line.mat
  artifactKey: Guid(4c8b4b7679d48744f99d91685d5a49fe) Importer(815301076,1909f56bfc062723c751e8b465ee728b)
Start importing Assets/Materials/Line.mat using Guid(4c8b4b7679d48744f99d91685d5a49fe) Importer(815301076,1909f56bfc062723c751e8b465ee728b)  -> (artifact id: '20f12a00da0634ac1787b7ed94184284') in 0.039420 seconds 
  Import took 0.052608 seconds .

========================================================================
Received Import Request.
  Time since last request: 105.066559 seconds.
  path: Assets/Materials/Line.mat
  artifactKey: Guid(4c8b4b7679d48744f99d91685d5a49fe) Importer(815301076,1909f56bfc062723c751e8b465ee728b)
Start importing Assets/Materials/Line.mat using Guid(4c8b4b7679d48744f99d91685d5a49fe) Importer(815301076,1909f56bfc062723c751e8b465ee728b)  -> (artifact id: 'e1a8bbb2763a3ca1952f00101b1511f1') in 0.290366 seconds 
  Import took 0.305899 seconds .

========================================================================
Received Import Request.
  Time since last request: 109.989086 seconds.
  path: Assets/Settings/URP_Renderer.asset
  artifactKey: Guid(0ba8ca096efc51c4cb99f193efcd39dd) Importer(815301076,1909f56bfc062723c751e8b465ee728b)
Start importing Assets/Settings/URP_Renderer.asset using Guid(0ba8ca096efc51c4cb99f193efcd39dd) Importer(815301076,1909f56bfc062723c751e8b465ee728b)  -> (artifact id: '2a492fdb4ce92cfb81a3dfaee4485713') in 0.018634 seconds 
  Import took 0.039464 seconds .

========================================================================
Received Import Request.
  Time since last request: 17.982281 seconds.
  path: Assets/Settings/URP_Renderer.asset
  artifactKey: Guid(0ba8ca096efc51c4cb99f193efcd39dd) Importer(815301076,1909f56bfc062723c751e8b465ee728b)
Start importing Assets/Settings/URP_Renderer.asset using Guid(0ba8ca096efc51c4cb99f193efcd39dd) Importer(815301076,1909f56bfc062723c751e8b465ee728b)  -> (artifact id: 'ce8be837bb7f8165cc50ec58b7164ecb') in 0.031724 seconds 
  Import took 0.050913 seconds .

========================================================================
Received Import Request.
  Time since last request: 0.003454 seconds.
  path: Assets/Settings/URP_Renderer.asset
  artifactKey: Guid(0ba8ca096efc51c4cb99f193efcd39dd) Importer(815301076,1909f56bfc062723c751e8b465ee728b)
Start importing Assets/Settings/URP_Renderer.asset using Guid(0ba8ca096efc51c4cb99f193efcd39dd) Importer(815301076,1909f56bfc062723c751e8b465ee728b)  -> (artifact id: 'ce8be837bb7f8165cc50ec58b7164ecb') in 0.018963 seconds 
  Import took 0.032778 seconds .

========================================================================
Received Import Request.
  Time since last request: 78.086779 seconds.
  path: ProjectSettings/TagManager.asset
  artifactKey: Guid(00000000000000003000000000000000) Importer(815301076,1909f56bfc062723c751e8b465ee728b)
Start importing ProjectSettings/TagManager.asset using Guid(00000000000000003000000000000000) Importer(815301076,1909f56bfc062723c751e8b465ee728b)  -> (artifact id: '20e2d292673db552969419564c8edff9') in 0.014484 seconds 
  Import took 0.032699 seconds .

========================================================================
Received Import Request.
  Time since last request: 195.616434 seconds.
  path: Assets/Settings/URP_Renderer.asset
  artifactKey: Guid(0ba8ca096efc51c4cb99f193efcd39dd) Importer(815301076,1909f56bfc062723c751e8b465ee728b)
Start importing Assets/Settings/URP_Renderer.asset using Guid(0ba8ca096efc51c4cb99f193efcd39dd) Importer(815301076,1909f56bfc062723c751e8b465ee728b)  -> (artifact id: '28523dc4285f9d901aa08c15eecee85c') in 0.022837 seconds 
  Import took 0.040629 seconds .

AssetImportWorkerClient::OnTransportError - code=2 error=End of file
