Unity Editor version:    2020.3.19f1 (68f137dc9bbe)
Branch:                  2020.3/staging
Build type:              Release
Batch mode:              YES
macOS version:           Version 11.5.2 (Build 20G95)
Darwin version:          20.6.0
Architecture:            x86_64
Running under Rosetta:   YES
Available memory:        8192 MB
Using pre-set license
Pro License: NO

COMMAND LINE ARGUMENTS:
/Users/martapienkosz/Documents/2020.3.19f1/Unity.app/Contents/MacOS/Unity
-adb2
-batchMode
-noUpm
-name
AssetImportWorker0
-projectPath
/Users/martapienkosz/Documents/GitHub/LAB/Matterport_Trial
-logFile
Logs/AssetImportWorker0.log
-srvPort
53828
Successfully changed project path to: /Users/martapienkosz/Documents/GitHub/LAB/Matterport_Trial
/Users/martapienkosz/Documents/GitHub/LAB/Matterport_Trial
Using Asset Import Pipeline V2.
Refreshing native plugins compatible for Editor in 29.13 ms, found 2 plugins.
Preloading 0 native plugins for Editor in 0.00 ms.
Initialize engine version: 2020.3.19f1 (68f137dc9bbe)
[Subsystems] Discovering subsystems at path /Users/martapienkosz/Documents/2020.3.19f1/Unity.app/Contents/Resources/UnitySubsystems
[Subsystems] Discovering subsystems at path /Users/martapienkosz/Documents/GitHub/LAB/Matterport_Trial/Assets
GfxDevice: creating device client; threaded=0
2022-02-09 12:38:04.788 Unity[27735:1819845] (null) preferred device: Apple M1 (high power)
2022-02-09 12:38:04.788 Unity[27735:1819845] Metal devices available: 1
2022-02-09 12:38:04.788 Unity[27735:1819845] 0: Apple M1 (high power)
2022-02-09 12:38:04.789 Unity[27735:1819845] Using device Apple M1 (high power)
Initializing Metal device caps: Apple M1
Initialize mono
Mono path[0] = '/Users/martapienkosz/Documents/2020.3.19f1/Unity.app/Contents/Managed'
Mono path[1] = '/Users/martapienkosz/Documents/2020.3.19f1/Unity.app/Contents/MonoBleedingEdge/lib/mono/unityjit'
Mono config path = '/Users/martapienkosz/Documents/2020.3.19f1/Unity.app/Contents/MonoBleedingEdge/etc'
Using monoOptions --debugger-agent=transport=dt_socket,embedding=1,server=y,suspend=n,address=127.0.0.1:56735
Begin MonoManager ReloadAssembly
Registering precompiled unity dll's ...
Register platform support module: /Users/martapienkosz/Documents/2020.3.19f1/Unity.app/Contents/PlaybackEngines/MacStandaloneSupport/UnityEditor.OSXStandalone.Extensions.dll
Registered in 0.001851 seconds.
Native extension for OSXStandalone target not found
Refreshing native plugins compatible for Editor in 27.22 ms, found 2 plugins.
Preloading 0 native plugins for Editor in 0.00 ms.
Mono: successfully reloaded assembly
- Completed reload, in  3.216 seconds
Domain Reload Profiling:
	ReloadAssembly (3217ms)
		BeginReloadAssembly (104ms)
			ExecutionOrderSort (0ms)
			DisableScriptedObjects (0ms)
			BackupInstance (0ms)
			ReleaseScriptingObjects (0ms)
			CreateAndSetChildDomain (4ms)
		EndReloadAssembly (951ms)
			LoadAssemblies (101ms)
			RebuildTransferFunctionScriptingTraits (0ms)
			SetupTypeCache (195ms)
			ReleaseScriptCaches (0ms)
			RebuildScriptCaches (48ms)
			SetupLoadedEditorAssemblies (537ms)
				LogAssemblyErrors (0ms)
				InitializePlatformSupportModulesInManaged (10ms)
				SetLoadedEditorAssemblies (0ms)
				RefreshPlugins (27ms)
				BeforeProcessingInitializeOnLoad (85ms)
				ProcessInitializeOnLoadAttributes (300ms)
				ProcessInitializeOnLoadMethodAttributes (113ms)
				AfterProcessingInitializeOnLoad (0ms)
				EditorAssembliesLoaded (1ms)
			ExecutionOrderSort2 (0ms)
			AwakeInstancesAfterBackupRestoration (0ms)
Platform modules already initialized, skipping
Registering precompiled user dll's ...
Registered in 0.001822 seconds.
Begin MonoManager ReloadAssembly
Native extension for OSXStandalone target not found
Refreshing native plugins compatible for Editor in 0.29 ms, found 2 plugins.
Preloading 0 native plugins for Editor in 0.00 ms.
Mono: successfully reloaded assembly
- Completed reload, in  2.395 seconds
Domain Reload Profiling:
	ReloadAssembly (2397ms)
		BeginReloadAssembly (270ms)
			ExecutionOrderSort (0ms)
			DisableScriptedObjects (29ms)
			BackupInstance (0ms)
			ReleaseScriptingObjects (0ms)
			CreateAndSetChildDomain (41ms)
		EndReloadAssembly (2031ms)
			LoadAssemblies (199ms)
			RebuildTransferFunctionScriptingTraits (0ms)
			SetupTypeCache (339ms)
			ReleaseScriptCaches (1ms)
			RebuildScriptCaches (54ms)
			SetupLoadedEditorAssemblies (1148ms)
				LogAssemblyErrors (0ms)
				InitializePlatformSupportModulesInManaged (15ms)
				SetLoadedEditorAssemblies (1ms)
				RefreshPlugins (0ms)
				BeforeProcessingInitializeOnLoad (230ms)
				ProcessInitializeOnLoadAttributes (885ms)
				ProcessInitializeOnLoadMethodAttributes (14ms)
				AfterProcessingInitializeOnLoad (1ms)
				EditorAssembliesLoaded (0ms)
			ExecutionOrderSort2 (0ms)
			AwakeInstancesAfterBackupRestoration (35ms)
Platform modules already initialized, skipping
Validating Project structure ... 0.000133 seconds.
Shader import version has changed; will reimport all shaders...
Upgrading shader files ...0.000188 seconds.
Application.AssetDatabase Initial Script Refresh Start
RefreshInfo: InitialScriptRefreshV2(NoUpdateAssetOptions) scanfilter:  ... 1 filters
RefreshProfiler: Total: 0.000ms
Application.AssetDatabase Initial Script Refresh End
Application.AssetDatabase.Refresh Start
Application.AssetDatabase.Refresh End
RefreshInfo: StopAssetImportingV2(ForceSynchronousImport) scanfilter: 
RefreshProfiler: Total: 0.000ms
Launching external process: /Users/martapienkosz/Documents/2020.3.19f1/Unity.app/Contents/Tools/UnityShaderCompiler
Launched and connected shader compiler UnityShaderCompiler after 0.03 seconds
Initializing Unity extensions:
========================================================================
Worker process is ready to serve import requests
Refreshing native plugins compatible for Editor in 0.23 ms, found 2 plugins.
Preloading 0 native plugins for Editor in 0.00 ms.
Unloading 1398 Unused Serialized files (Serialized files now loaded: 0)
System memory in use before: 162.8 MB.
System memory in use after: 161.9 MB.

Unloading 77 unused Assets to reduce memory usage. Loaded Objects now: 1872.
Total: 3.628125 ms (FindLiveObjects: 0.114125 ms CreateObjectMapping: 0.028750 ms MarkObjects: 3.054583 ms  DeleteObjects: 0.429125 ms)

AssetImportParameters requested are different than current active one (requested -> active):
  custom:video-decoder-ogg-theora: a1e56fd34408186e4bbccfd4996cb3dc -> 
  custom:container-muxer-webm: aa71ff27fc2769a1b78a27578f13a17b -> 
  custom:container-demuxer-webm: 4f35f7cbe854078d1ac9338744f61a02 -> 
  custom:container-demuxer-ogg: 62fdf1f143b41e24485cea50d1cbac27 -> 
  custom:video-encoder-webm-vp8: eb34c28f22e8b96e1ab97ce403110664 -> 
  custom:framework-osx-AVFoundation: e770b220cccbd017edd2c1fefb359320 -> 
  custom:video-decoder-webm-vp8: 9c59270c3fd7afecdb556c50c9e8de78 -> 
  custom:audio-decoder-ogg-vorbis: bf7c407c2cedff20999df2af8eb42d56 -> 
  custom:audio-encoder-webm-vorbis: bf7c407c2cedff20999df2af8eb42d56 -> 
========================================================================
Received Import Request.
  path: Assets/Images
  artifactKey: Guid(36867a850d7674147a2ccea65c59ddd0) Importer(815301076,1909f56bfc062723c751e8b465ee728b)
Start importing Assets/Images using Guid(36867a850d7674147a2ccea65c59ddd0) Importer(815301076,1909f56bfc062723c751e8b465ee728b)  -> (artifact id: '46781076274595492ced2ba8976b6445') in 0.007306 seconds 
  Import took 0.009446 seconds .

========================================================================
Received Import Request.
  Time since last request: 0.167193 seconds.
  path: Assets/Materials
  artifactKey: Guid(e7bf63c876a9741a58d6db45152d7781) Importer(815301076,1909f56bfc062723c751e8b465ee728b)
Start importing Assets/Materials using Guid(e7bf63c876a9741a58d6db45152d7781) Importer(815301076,1909f56bfc062723c751e8b465ee728b)  -> (artifact id: 'c0dff9a00e2b4f03fb4c6ef03360bc63') in 0.003506 seconds 
  Import took 0.007263 seconds .

========================================================================
Received Import Request.
  Time since last request: 5.880140 seconds.
  path: Assets/Settings
  artifactKey: Guid(059be6a2906ad4d91948f42fc8922a17) Importer(815301076,1909f56bfc062723c751e8b465ee728b)
Start importing Assets/Settings using Guid(059be6a2906ad4d91948f42fc8922a17) Importer(815301076,1909f56bfc062723c751e8b465ee728b)  -> (artifact id: 'cb20c287a3fc3bccc5f55e4357545814') in 0.001574 seconds 
  Import took 0.008808 seconds .

========================================================================
Received Prepare
Registering precompiled user dll's ...
Registered in 0.003476 seconds.
Begin MonoManager ReloadAssembly
Native extension for OSXStandalone target not found
Refreshing native plugins compatible for Editor in 48.86 ms, found 2 plugins.
Preloading 0 native plugins for Editor in 0.00 ms.
Mono: successfully reloaded assembly
- Completed reload, in  4.638 seconds
Domain Reload Profiling:
	ReloadAssembly (4655ms)
		BeginReloadAssembly (544ms)
			ExecutionOrderSort (0ms)
			DisableScriptedObjects (117ms)
			BackupInstance (0ms)
			ReleaseScriptingObjects (0ms)
			CreateAndSetChildDomain (217ms)
		EndReloadAssembly (3972ms)
			LoadAssemblies (362ms)
			RebuildTransferFunctionScriptingTraits (0ms)
			SetupTypeCache (455ms)
			ReleaseScriptCaches (1ms)
			RebuildScriptCaches (57ms)
			SetupLoadedEditorAssemblies (2215ms)
				LogAssemblyErrors (0ms)
				InitializePlatformSupportModulesInManaged (21ms)
				SetLoadedEditorAssemblies (1ms)
				RefreshPlugins (49ms)
				BeforeProcessingInitializeOnLoad (465ms)
				ProcessInitializeOnLoadAttributes (1661ms)
				ProcessInitializeOnLoadMethodAttributes (16ms)
				AfterProcessingInitializeOnLoad (1ms)
				EditorAssembliesLoaded (0ms)
			ExecutionOrderSort2 (0ms)
			AwakeInstancesAfterBackupRestoration (36ms)
Platform modules already initialized, skipping
Shader 'Universal Render Pipeline/Nature/SpeedTree7': dependency 'BillboardShader' shader 'Universal Render Pipeline/Nature/SpeedTree7 Billboard' not found
Shader 'Universal Render Pipeline/Baked Lit': fallback shader 'Universal Render Pipeline/Unlit' not found
Shader 'Universal Render Pipeline/Simple Lit': fallback shader 'Hidden/Universal Render Pipeline/FallbackError' not found
Shader 'Universal Render Pipeline/Terrain/Lit': fallback shader 'Hidden/Universal Render Pipeline/FallbackError' not found
Shader 'Universal Render Pipeline/Terrain/Lit': dependency 'AddPassShader' shader 'Hidden/Universal Render Pipeline/Terrain/Lit (Add Pass)' not found
Shader 'Universal Render Pipeline/Terrain/Lit': dependency 'BaseMapShader' shader 'Hidden/Universal Render Pipeline/Terrain/Lit (Base Pass)' not found
Shader 'Universal Render Pipeline/Terrain/Lit': dependency 'BaseMapGenShader' shader 'Hidden/Universal Render Pipeline/Terrain/Lit (Basemap Gen)' not found
Shader 'Hidden/Universal Render Pipeline/Terrain/Lit (Add Pass)': fallback shader 'Hidden/Universal Render Pipeline/FallbackError' not found
Shader 'Hidden/Universal Render Pipeline/Terrain/Lit (Base Pass)': fallback shader 'Hidden/Universal Render Pipeline/FallbackError' not found
Refreshing native plugins compatible for Editor in 0.48 ms, found 2 plugins.
Preloading 0 native plugins for Editor in 0.00 ms.
Unloading 2648 Unused Serialized files (Serialized files now loaded: 0)
System memory in use before: 223.9 MB.
System memory in use after: 219.7 MB.

Unloading 69 unused Assets to reduce memory usage. Loaded Objects now: 3075.
Total: 12.363375 ms (FindLiveObjects: 0.219375 ms CreateObjectMapping: 0.147084 ms MarkObjects: 9.954541 ms  DeleteObjects: 2.041541 ms)

AssetImportParameters requested are different than current active one (requested -> active):
  custom:video-decoder-ogg-theora: a1e56fd34408186e4bbccfd4996cb3dc -> 
  custom:container-muxer-webm: aa71ff27fc2769a1b78a27578f13a17b -> 
  custom:container-demuxer-webm: 4f35f7cbe854078d1ac9338744f61a02 -> 
  custom:container-demuxer-ogg: 62fdf1f143b41e24485cea50d1cbac27 -> 
  custom:video-encoder-webm-vp8: eb34c28f22e8b96e1ab97ce403110664 -> 
  custom:framework-osx-AVFoundation: e770b220cccbd017edd2c1fefb359320 -> 
  custom:video-decoder-webm-vp8: 9c59270c3fd7afecdb556c50c9e8de78 -> 
  custom:audio-decoder-ogg-vorbis: bf7c407c2cedff20999df2af8eb42d56 -> 
  custom:audio-encoder-webm-vorbis: bf7c407c2cedff20999df2af8eb42d56 -> 
========================================================================
Received Import Request.
  Time since last request: 422.379415 seconds.
  path: Assets/Images/6ba802df05bd4e7b960748e3258e03a6_000.jpg
  artifactKey: Guid(68cbd7cfb20224f4e977a375e627c497) Importer(815301076,1909f56bfc062723c751e8b465ee728b)
Start importing Assets/Images/6ba802df05bd4e7b960748e3258e03a6_000.jpg using Guid(68cbd7cfb20224f4e977a375e627c497) Importer(815301076,1909f56bfc062723c751e8b465ee728b)  -> (artifact id: 'e1b19a9c52c76d179bb0d01a7d81b870') in 0.814198 seconds 
  Import took 0.833793 seconds .

========================================================================
Received Import Request.
  Time since last request: 6.447268 seconds.
  path: Assets/Images/6ba802df05bd4e7b960748e3258e03a6_001.jpg
  artifactKey: Guid(56757ec1b396e4290a7b0eefed4e523f) Importer(815301076,1909f56bfc062723c751e8b465ee728b)
Start importing Assets/Images/6ba802df05bd4e7b960748e3258e03a6_001.jpg using Guid(56757ec1b396e4290a7b0eefed4e523f) Importer(815301076,1909f56bfc062723c751e8b465ee728b)  -> (artifact id: '3211205549c172aca1508e2af310b9a9') in 0.028075 seconds 
  Import took 0.033014 seconds .

========================================================================
Received Import Request.
  Time since last request: 36.018793 seconds.
  path: Assets/6ba802df05bd4e7b960748e3258e03a6.obj
  artifactKey: Guid(dd64daeab8f644ed5ba320f0592a5ea2) Importer(815301076,1909f56bfc062723c751e8b465ee728b)
Start importing Assets/6ba802df05bd4e7b960748e3258e03a6.obj using Guid(dd64daeab8f644ed5ba320f0592a5ea2) Importer(815301076,1909f56bfc062723c751e8b465ee728b)  -> (artifact id: 'f9db5563ad012825af5da0b6c72cf682') in 4.584300 seconds 
  Import took 4.603070 seconds .

========================================================================
Received Import Request.
  Time since last request: 50.683883 seconds.
  path: Assets/Settings 1
  artifactKey: Guid(ee2a4f4bdc506466296271e26441de7c) Importer(815301076,1909f56bfc062723c751e8b465ee728b)
Start importing Assets/Settings 1 using Guid(ee2a4f4bdc506466296271e26441de7c) Importer(815301076,1909f56bfc062723c751e8b465ee728b)  -> (artifact id: '6e4cc0ef33a687b844347234946a6853') in 0.001805 seconds 
  Import took 0.006561 seconds .

========================================================================
Received Import Request.
  Time since last request: 23.582553 seconds.
  path: Assets/Settings/UniversalRenderPipelineAsset.asset
  artifactKey: Guid(6df0ae55bf6d14324b5f7a05bf87fabf) Importer(815301076,1909f56bfc062723c751e8b465ee728b)
Start importing Assets/Settings/UniversalRenderPipelineAsset.asset using Guid(6df0ae55bf6d14324b5f7a05bf87fabf) Importer(815301076,1909f56bfc062723c751e8b465ee728b)  -> (artifact id: '27553bb236199d001f351fb14283c878') in 0.699326 seconds 
  Import took 0.704160 seconds .

========================================================================
Received Prepare
Switching render pipeline 00000000000000000000000000000000 -> 6df0ae55bf6d14324b5f7a05bf87fabf
Refreshing native plugins compatible for Editor in 8.36 ms, found 2 plugins.
Preloading 0 native plugins for Editor in 0.00 ms.
Unloading 114 Unused Serialized files (Serialized files now loaded: 0)
System memory in use before: 193.8 MB.
System memory in use after: 190.7 MB.

Unloading 46 unused Assets to reduce memory usage. Loaded Objects now: 3187.
Total: 19.407792 ms (FindLiveObjects: 0.478417 ms CreateObjectMapping: 0.060917 ms MarkObjects: 16.394041 ms  DeleteObjects: 2.471833 ms)

AssetImportParameters requested are different than current active one (requested -> active):
  custom:video-decoder-ogg-theora: a1e56fd34408186e4bbccfd4996cb3dc -> 
  custom:container-muxer-webm: aa71ff27fc2769a1b78a27578f13a17b -> 
  custom:container-demuxer-webm: 4f35f7cbe854078d1ac9338744f61a02 -> 
  custom:container-demuxer-ogg: 62fdf1f143b41e24485cea50d1cbac27 -> 
  custom:video-encoder-webm-vp8: eb34c28f22e8b96e1ab97ce403110664 -> 
  custom:framework-osx-AVFoundation: e770b220cccbd017edd2c1fefb359320 -> 
  custom:video-decoder-webm-vp8: 9c59270c3fd7afecdb556c50c9e8de78 -> 
  custom:audio-decoder-ogg-vorbis: bf7c407c2cedff20999df2af8eb42d56 -> 
  custom:audio-encoder-webm-vorbis: bf7c407c2cedff20999df2af8eb42d56 -> 
